The system is: Linux - 3.10.0-1160.119.1.el7.x86_64 - x86_64
Compiling the Fortran compiler identification source file "CMakeFortranCompilerId.F" succeeded.
Compiler: /opt/intel/compilers_and_libraries_2017.1.132/linux/bin/intel64/ifort 
Build flags: 
Id flags: -v 

The output was:
0
ifort version 17.0.1
/usr/local/apps/intel/compilers_and_libraries_2017.1.132/linux/bin/intel64/fpp    -D__INTEL_COMPILER=1700 -D__INTEL_COMPILER_UPDATE=1 -D__unix__ -D__unix -D__linux__ -D__linux -D__gnu_linux__ -Dunix -Dlinux -D__ELF__ -D__x86_64 -D__x86_64__ -D__amd64 -D__amd64__ -D__INTEL_COMPILER_BUILD_DATE=20161005 -D__INTEL_OFFLOAD -D__i686 -D__i686__ -D__pentiumpro -D__pentiumpro__ -D__pentium4 -D__pentium4__ -D__tune_pentium4__ -D__SSE2__ -D__SSE2_MATH__ -D__SSE__ -D__SSE_MATH__ -D__MMX__ -I. -I/opt/intel/compilers_and_libraries_2017.1.132/linux/ipp/include -I/opt/intel/compilers_and_libraries_2017.1.132/linux/mkl/include -I/opt/intel/compilers_and_libraries_2017.1.132/linux/tbb/include -I/opt/intel/compilers_and_libraries_2017.1.132/linux/daal/include -I/usr/local/apps/intel/compilers_and_libraries_2017.1.132/linux/compiler/include/intel64 -I/usr/local/apps/intel/compilers_and_libraries_2017.1.132/linux/compiler/include/icc -I/usr/local/apps/intel/compilers_and_libraries_2017.1.132/linux/compiler/include -I/usr/local/include -I/usr/lib/gcc/x86_64-redhat-linux/4.8.5/include -I/usr/include/ -I/usr/include -fixed -4Ycpp -4Ncvf -f_com=yes -MX CMakeFortranCompilerId.F /share/eesantis/vtnguye4/tmp/ifortOL55EZ.i
#include "..." search starts here:
#include <...> search starts here:
 .
 /opt/intel/compilers_and_libraries_2017.1.132/linux/ipp/include
 /opt/intel/compilers_and_libraries_2017.1.132/linux/mkl/include
 /opt/intel/compilers_and_libraries_2017.1.132/linux/tbb/include
 /opt/intel/compilers_and_libraries_2017.1.132/linux/daal/include
 /usr/local/apps/intel/compilers_and_libraries_2017.1.132/linux/compiler/include/intel64
 /usr/local/apps/intel/compilers_and_libraries_2017.1.132/linux/compiler/include/icc
 /usr/local/apps/intel/compilers_and_libraries_2017.1.132/linux/compiler/include
 /usr/local/include
 /usr/lib/gcc/x86_64-redhat-linux/4.8.5/include
 /usr/include/
 /usr/include
End of search list.
/usr/local/apps/intel/compilers_and_libraries_2017.1.132/linux/bin/intel64/fortcom    -D__INTEL_COMPILER=1700 -D__INTEL_COMPILER_UPDATE=1 -D__unix__ -D__unix -D__linux__ -D__linux -D__gnu_linux__ -Dunix -Dlinux -D__ELF__ -D__x86_64 -D__x86_64__ -D__amd64 -D__amd64__ -D__INTEL_COMPILER_BUILD_DATE=20161005 -D__INTEL_OFFLOAD -D__i686 -D__i686__ -D__pentiumpro -D__pentiumpro__ -D__pentium4 -D__pentium4__ -D__tune_pentium4__ -D__SSE2__ -D__SSE2_MATH__ -D__SSE__ -D__SSE_MATH__ -D__MMX__ -mGLOB_pack_sort_init_list -I. -I/opt/intel/compilers_and_libraries_2017.1.132/linux/ipp/include -I/opt/intel/compilers_and_libraries_2017.1.132/linux/mkl/include -I/opt/intel/compilers_and_libraries_2017.1.132/linux/tbb/include -I/opt/intel/compilers_and_libraries_2017.1.132/linux/daal/include -I/usr/local/apps/intel/compilers_and_libraries_2017.1.132/linux/compiler/include/intel64 -I/usr/local/apps/intel/compilers_and_libraries_2017.1.132/linux/compiler/include/icc -I/usr/local/apps/intel/compilers_and_libraries_2017.1.132/linux/compiler/include -I/usr/local/include -I/usr/lib/gcc/x86_64-redhat-linux/4.8.5/include -I/usr/include/ -I/usr/include -O2 "-reentrancy threaded" -simd -offload_host -mGLOB_em64t=TRUE -mP1OPT_version=17.0-intel64 -mGLOB_diag_file=/share/eesantis/vtnguye4/tmp/ifortwOGqrj.diag -mGLOB_long_size_64 -mGLOB_routine_pointer_size_64 -mGLOB_source_language=GLOB_SOURCE_LANGUAGE_F90 -mP2OPT_static_promotion -mP1OPT_print_version=FALSE -mCG_use_gas_got_workaround=F -mP2OPT_align_option_used=TRUE -mGLOB_gcc_version=485 -mGLOB_options_string=-v -mGLOB_cxx_limited_range=FALSE -mCG_extend_parms=FALSE -mGLOB_compiler_bin_directory=/usr/local/apps/intel/compilers_and_libraries_2017.1.132/linux/bin/intel64 -mGLOB_as_output_backup_file_name=/share/eesantis/vtnguye4/tmp/ifortgjpSt2as_.s -mGLOB_dashboard_use_source_name -mIPOPT_activate -mIPOPT_lite -mGLOB_instruction_tuning=0x0 -mGLOB_uarch_tuning=0x0 -mGLOB_product_id_code=0x22006d8f -mCG_bnl_movbe=T -mGLOB_extended_instructions=0x8 -mP3OPT_use_mspp_call_convention -mP2OPT_subs_out_of_bound=FALSE -mP2OPT_disam_type_based_disam=2 -mGLOB_ansi_alias -mPGOPTI_value_profile_use=T -mGLOB_opt_report_use_source_name -mP2OPT_il0_array_sections=TRUE -mGLOB_offload_mode=1 -mP2OPT_offload_unique_var_string=ifort1773767273gR7CwU -mP2OPT_hlo_level=2 -mP2OPT_hlo -mP2OPT_hpo_rtt_control=0 -mIPOPT_args_in_regs=0 -mP2OPT_disam_assume_nonstd_intent_in=FALSE -mGLOB_imf_mapping_library=/usr/local/apps/intel/compilers_and_libraries_2017.1.132/linux/bin/intel64/libiml_attr.so -mIPOPT_single_file_compile_and_link=TRUE -mPGOPTI_gen_threadsafe_level=0 -mIPOPT_lto_object_enabled -mIPOPT_lto_object_value=1 -mIPOPT_obj_output_file_name=/share/eesantis/vtnguye4/tmp/ifortwOGqrj.o -mIPOPT_whole_archive_fixup_file_name=/share/eesantis/vtnguye4/tmp/ifortwarch0Alu8o -mGLOB_linker_version=2.27 -mGLOB_driver_tempfile_name=/share/eesantis/vtnguye4/tmp/iforttempfilea9YCt5 -mP3OPT_asm_target=P3OPT_ASM_TARGET_GAS -mGLOB_async_unwind_tables=TRUE -mGLOB_obj_output_file=/share/eesantis/vtnguye4/tmp/ifortwOGqrj.o -mGLOB_source_dialect=GLOB_SOURCE_DIALECT_FORTRAN -mP1OPT_source_file_name=CMakeFortranCompilerId.F -mP1OPT_full_source_file_name=/gpfs_common/share03/hall2/vtnguye4/libgmxfort/build/CMakeFiles/3.24.1/CompilerIdFortran/CMakeFortranCompilerId.F -mP2OPT_symtab_type_copy=true /share/eesantis/vtnguye4/tmp/ifortOL55EZ.i
#include "..." search starts here:
#include <...> search starts here:
 .
 /opt/intel/compilers_and_libraries_2017.1.132/linux/ipp/include
 /opt/intel/compilers_and_libraries_2017.1.132/linux/mkl/include
 /opt/intel/compilers_and_libraries_2017.1.132/linux/tbb/include
 /opt/intel/compilers_and_libraries_2017.1.132/linux/daal/include
 /usr/local/apps/intel/compilers_and_libraries_2017.1.132/linux/compiler/include/intel64
 /usr/local/apps/intel/compilers_and_libraries_2017.1.132/linux/compiler/include/icc
 /usr/local/apps/intel/compilers_and_libraries_2017.1.132/linux/compiler/include
 /usr/local/include
 /usr/lib/gcc/x86_64-redhat-linux/4.8.5/include
 /usr/include/
 /usr/include
End of search list.
ld    /usr/lib/gcc/x86_64-redhat-linux/4.8.5/../../../../lib64/crt1.o /usr/lib/gcc/x86_64-redhat-linux/4.8.5/../../../../lib64/crti.o /usr/lib/gcc/x86_64-redhat-linux/4.8.5/crtbegin.o --eh-frame-hdr --build-id -dynamic-linker /lib64/ld-linux-x86-64.so.2 -m elf_x86_64 -o a.out /usr/local/apps/intel/compilers_and_libraries_2017.1.132/linux/compiler/lib/intel64_lin/for_main.o -L/usr/local/apps/intel/clck/2018.3/lib/intel64 -L/opt/intel/compilers_and_libraries_2017.1.132/linux/ipp/lib/intel64 -L/opt/intel/compilers_and_libraries_2017.1.132/linux/compiler/lib/intel64_lin -L/opt/intel/compilers_and_libraries_2017.1.132/linux/mkl/lib/intel64_lin -L/opt/intel/compilers_and_libraries_2017.1.132/linux/tbb/lib/intel64/gcc4.7 -L/opt/intel/compilers_and_libraries_2017.1.132/linux/daal/lib/intel64_lin -L/opt/intel/compilers_and_libraries_2017.1.132/linux/daal/../tbb/lib/intel64_lin/gcc4.4 -L/usr/local/apps/intel/compilers_and_libraries_2017.1.132/linux/compiler/lib/intel64_lin -L/usr/lib/gcc/x86_64-redhat-linux/4.8.5/ -L/usr/lib/gcc/x86_64-redhat-linux/4.8.5/../../../../lib64 -L/usr/lib/gcc/x86_64-redhat-linux/4.8.5/../../../../lib64/ -L/lib/../lib64 -L/lib/../lib64/ -L/usr/lib/../lib64 -L/usr/lib/../lib64/ -L/usr/local/apps/intel/clck/2018.3/lib/intel64/ -L/opt/intel/compilers_and_libraries_2017.1.132/linux/ipp/lib/intel64/ -L/opt/intel/compilers_and_libraries_2017.1.132/linux/compiler/lib/intel64_lin/ -L/opt/intel/compilers_and_libraries_2017.1.132/linux/mkl/lib/intel64_lin/ -L/opt/intel/compilers_and_libraries_2017.1.132/linux/tbb/lib/intel64/gcc4.7/ -L/opt/intel/compilers_and_libraries_2017.1.132/linux/daal/lib/intel64_lin/ -L/opt/intel/compilers_and_libraries_2017.1.132/linux/daal/../tbb/lib/intel64_lin/gcc4.4/ -L/usr/lib/gcc/x86_64-redhat-linux/4.8.5/../../../ -L/lib64 -L/lib/ -L/usr/lib64 -L/usr/lib /share/eesantis/vtnguye4/tmp/ifortwOGqrj.o -Bdynamic -Bstatic -lifport -lifcoremt -limf -lsvml -Bdynamic -lm -Bstatic -lipgo -lirc -Bdynamic -lpthread -Bstatic -lsvml -Bdynamic -lc -lgcc -lgcc_s -Bstatic -lirc_s -Bdynamic -ldl -lc /usr/lib/gcc/x86_64-redhat-linux/4.8.5/crtend.o /usr/lib/gcc/x86_64-redhat-linux/4.8.5/../../../../lib64/crtn.o


Compilation of the Fortran compiler identification source "CMakeFortranCompilerId.F" produced "a.out"

The Fortran compiler identification is Intel, found in "/gpfs_common/share03/hall2/vtnguye4/libgmxfort/build/CMakeFiles/3.24.1/CompilerIdFortran/a.out"

Detecting Fortran compiler ABI info compiled with the following output:
Change Dir: /gpfs_common/share03/hall2/vtnguye4/libgmxfort/build/CMakeFiles/CMakeTmp

Run Build Command(s):/usr/bin/gmake -f Makefile cmTC_9ae62/fast && /usr/bin/gmake  -f CMakeFiles/cmTC_9ae62.dir/build.make CMakeFiles/cmTC_9ae62.dir/build
gmake[1]: Entering directory `/gpfs_common/share03/hall2/vtnguye4/libgmxfort/build/CMakeFiles/CMakeTmp'
Building Fortran object CMakeFiles/cmTC_9ae62.dir/CMakeFortranCompilerABI.F90.o
/opt/intel/compilers_and_libraries_2017.1.132/linux/bin/intel64/ifort   -v -c /usr/local/apps/cmake/cmake-3.24.1-linux-x86_64/share/cmake-3.24/Modules/CMakeFortranCompilerABI.F90 -o CMakeFiles/cmTC_9ae62.dir/CMakeFortranCompilerABI.F90.o
ifort version 17.0.1
/usr/local/apps/intel/compilers_and_libraries_2017.1.132/linux/bin/intel64/fpp    -D__INTEL_COMPILER=1700 -D__INTEL_COMPILER_UPDATE=1 -D__unix__ -D__unix -D__linux__ -D__linux -D__gnu_linux__ -Dunix -Dlinux -D__ELF__ -D__x86_64 -D__x86_64__ -D__amd64 -D__amd64__ -D__INTEL_COMPILER_BUILD_DATE=20161005 -D__INTEL_OFFLOAD -D__i686 -D__i686__ -D__pentiumpro -D__pentiumpro__ -D__pentium4 -D__pentium4__ -D__tune_pentium4__ -D__SSE2__ -D__SSE2_MATH__ -D__SSE__ -D__SSE_MATH__ -D__MMX__ -I. -I/opt/intel/compilers_and_libraries_2017.1.132/linux/ipp/include -I/opt/intel/compilers_and_libraries_2017.1.132/linux/mkl/include -I/opt/intel/compilers_and_libraries_2017.1.132/linux/tbb/include -I/opt/intel/compilers_and_libraries_2017.1.132/linux/daal/include -I/usr/local/apps/intel/compilers_and_libraries_2017.1.132/linux/compiler/include/intel64 -I/usr/local/apps/intel/compilers_and_libraries_2017.1.132/linux/compiler/include/icc -I/usr/local/apps/intel/compilers_and_libraries_2017.1.132/linux/compiler/include -I/usr/local/include -I/usr/lib/gcc/x86_64-redhat-linux/4.8.5/include -I/usr/include/ -I/usr/include -4Ycpp -4Ncvf -f_com=yes -MX /usr/local/apps/cmake/cmake-3.24.1-linux-x86_64/share/cmake-3.24/Modules/CMakeFortranCompilerABI.F90 /share/eesantis/vtnguye4/tmp/ifortREGDJy.i90
#include "..." search starts here:
#include <...> search starts here:
 .
 /opt/intel/compilers_and_libraries_2017.1.132/linux/ipp/include
 /opt/intel/compilers_and_libraries_2017.1.132/linux/mkl/include
 /opt/intel/compilers_and_libraries_2017.1.132/linux/tbb/include
 /opt/intel/compilers_and_libraries_2017.1.132/linux/daal/include
 /usr/local/apps/intel/compilers_and_libraries_2017.1.132/linux/compiler/include/intel64
 /usr/local/apps/intel/compilers_and_libraries_2017.1.132/linux/compiler/include/icc
 /usr/local/apps/intel/compilers_and_libraries_2017.1.132/linux/compiler/include
 /usr/local/include
 /usr/lib/gcc/x86_64-redhat-linux/4.8.5/include
 /usr/include/
 /usr/include
End of search list.
/usr/local/apps/intel/compilers_and_libraries_2017.1.132/linux/bin/intel64/fortcom    -D__INTEL_COMPILER=1700 -D__INTEL_COMPILER_UPDATE=1 -D__unix__ -D__unix -D__linux__ -D__linux -D__gnu_linux__ -Dunix -Dlinux -D__ELF__ -D__x86_64 -D__x86_64__ -D__amd64 -D__amd64__ -D__INTEL_COMPILER_BUILD_DATE=20161005 -D__INTEL_OFFLOAD -D__i686 -D__i686__ -D__pentiumpro -D__pentiumpro__ -D__pentium4 -D__pentium4__ -D__tune_pentium4__ -D__SSE2__ -D__SSE2_MATH__ -D__SSE__ -D__SSE_MATH__ -D__MMX__ -mGLOB_pack_sort_init_list -I/usr/local/apps/cmake/cmake-3.24.1-linux-x86_64/share/cmake-3.24/Modules -I. -I/opt/intel/compilers_and_libraries_2017.1.132/linux/ipp/include -I/opt/intel/compilers_and_libraries_2017.1.132/linux/mkl/include -I/opt/intel/compilers_and_libraries_2017.1.132/linux/tbb/include -I/opt/intel/compilers_and_libraries_2017.1.132/linux/daal/include -I/usr/local/apps/intel/compilers_and_libraries_2017.1.132/linux/compiler/include/intel64 -I/usr/local/apps/intel/compilers_and_libraries_2017.1.132/linux/compiler/include/icc -I/usr/local/apps/intel/compilers_and_libraries_2017.1.132/linux/compiler/include -I/usr/local/include -I/usr/lib/gcc/x86_64-redhat-linux/4.8.5/include -I/usr/include/ -I/usr/include -O2 "-reentrancy threaded" -simd -offload_host -mGLOB_em64t=TRUE -mP1OPT_version=17.0-intel64 -mGLOB_diag_file=CMakeFiles/cmTC_9ae62.dir/CMakeFortranCompilerABI.F90.diag -mGLOB_long_size_64 -mGLOB_routine_pointer_size_64 -mGLOB_source_language=GLOB_SOURCE_LANGUAGE_F90 -mP2OPT_static_promotion -mP1OPT_print_version=FALSE -mCG_use_gas_got_workaround=F -mP2OPT_align_option_used=TRUE -mGLOB_gcc_version=485 "-mGLOB_options_string=-v -c -o CMakeFiles/cmTC_9ae62.dir/CMakeFortranCompilerABI.F90.o" -mGLOB_cxx_limited_range=FALSE -mCG_extend_parms=FALSE -mGLOB_compiler_bin_directory=/usr/local/apps/intel/compilers_and_libraries_2017.1.132/linux/bin/intel64 -mGLOB_as_output_backup_file_name=/share/eesantis/vtnguye4/tmp/ifortqjQ2zuas_.s -mIPOPT_activate -mIPOPT_lite -mGLOB_instruction_tuning=0x0 -mGLOB_uarch_tuning=0x0 -mGLOB_product_id_code=0x22006d8f -mCG_bnl_movbe=T -mGLOB_extended_instructions=0x8 -mP3OPT_use_mspp_call_convention -mP2OPT_subs_out_of_bound=FALSE -mP2OPT_disam_type_based_disam=2 -mGLOB_ansi_alias -mPGOPTI_value_profile_use=T -mP2OPT_il0_array_sections=TRUE -mGLOB_offload_mode=1 -mP2OPT_offload_unique_var_string=ifort1712370081Lfb8EE -mP2OPT_hlo_level=2 -mP2OPT_hlo -mP2OPT_hpo_rtt_control=0 -mIPOPT_args_in_regs=0 -mP2OPT_disam_assume_nonstd_intent_in=FALSE -mGLOB_imf_mapping_library=/usr/local/apps/intel/compilers_and_libraries_2017.1.132/linux/bin/intel64/libiml_attr.so -mPGOPTI_gen_threadsafe_level=0 -mIPOPT_lto_object_enabled -mIPOPT_lto_object_value=1 -mIPOPT_obj_output_file_name=CMakeFiles/cmTC_9ae62.dir/CMakeFortranCompilerABI.F90.o -mIPOPT_whole_archive_fixup_file_name=/share/eesantis/vtnguye4/tmp/ifortwarchO1LFVr -mGLOB_linker_version=2.27 -mGLOB_driver_tempfile_name=/share/eesantis/vtnguye4/tmp/iforttempfileDQn5Bq -mP3OPT_asm_target=P3OPT_ASM_TARGET_GAS -mGLOB_async_unwind_tables=TRUE -mGLOB_obj_output_file=CMakeFiles/cmTC_9ae62.dir/CMakeFortranCompilerABI.F90.o -mGLOB_source_dialect=GLOB_SOURCE_DIALECT_FORTRAN -mP1OPT_source_file_name=/usr/local/apps/cmake/cmake-3.24.1-linux-x86_64/share/cmake-3.24/Modules/CMakeFortranCompilerABI.F90 -mP1OPT_full_source_file_name=/usr/local/apps/cmake/cmake-3.24.1-linux-x86_64/share/cmake-3.24/Modules/CMakeFortranCompilerABI.F90 -mP2OPT_symtab_type_copy=true /share/eesantis/vtnguye4/tmp/ifortREGDJy.i90
#include "..." search starts here:
#include <...> search starts here:
 /usr/local/apps/cmake/cmake-3.24.1-linux-x86_64/share/cmake-3.24/Modules
 .
 /opt/intel/compilers_and_libraries_2017.1.132/linux/ipp/include
 /opt/intel/compilers_and_libraries_2017.1.132/linux/mkl/include
 /opt/intel/compilers_and_libraries_2017.1.132/linux/tbb/include
 /opt/intel/compilers_and_libraries_2017.1.132/linux/daal/include
 /usr/local/apps/intel/compilers_and_libraries_2017.1.132/linux/compiler/include/intel64
 /usr/local/apps/intel/compilers_and_libraries_2017.1.132/linux/compiler/include/icc
 /usr/local/apps/intel/compilers_and_libraries_2017.1.132/linux/compiler/include
 /usr/local/include
 /usr/lib/gcc/x86_64-redhat-linux/4.8.5/include
 /usr/include/
 /usr/include
End of search list.
Linking Fortran executable cmTC_9ae62
/usr/local/apps/cmake/cmake-3.24.1-linux-x86_64/bin/cmake -E cmake_link_script CMakeFiles/cmTC_9ae62.dir/link.txt --verbose=1
/opt/intel/compilers_and_libraries_2017.1.132/linux/bin/intel64/ifort  -v CMakeFiles/cmTC_9ae62.dir/CMakeFortranCompilerABI.F90.o -o cmTC_9ae62 
ifort version 17.0.1
/usr/local/apps/intel/compilers_and_libraries_2017.1.132/linux/bin/intel64/fortcom    -mGLOB_em64t=TRUE -mP1OPT_version=17.0-intel64 -mGLOB_diag_file=CMakeFiles/cmTC_9ae62.dir/CMakeFortranCompilerABI.F90.diag -mGLOB_long_size_64 -mGLOB_routine_pointer_size_64 -mGLOB_source_language=GLOB_SOURCE_LANGUAGE_F90 -mP2OPT_static_promotion -mP1OPT_print_version=FALSE -mCG_use_gas_got_workaround=F -mP2OPT_align_option_used=TRUE -mGLOB_gcc_version=485 "-mGLOB_options_string=-v -o cmTC_9ae62" -mGLOB_cxx_limited_range=FALSE -mCG_extend_parms=FALSE -mGLOB_compiler_bin_directory=/usr/local/apps/intel/compilers_and_libraries_2017.1.132/linux/bin/intel64 -mGLOB_as_output_backup_file_name=/share/eesantis/vtnguye4/tmp/ifortZBuzP5as_.s -mGLOB_dashboard_use_source_name -mIPOPT_activate -mGLOB_product_id_code=0x22006d8f -mP3OPT_use_mspp_call_convention -mP2OPT_subs_out_of_bound=FALSE -mP2OPT_disam_type_based_disam=2 -mGLOB_ansi_alias -mPGOPTI_value_profile_use=T -mGLOB_opt_report_use_source_name -mP2OPT_il0_array_sections=TRUE -mGLOB_offload_mode=1 -mP2OPT_offload_unique_var_string=ifort1032920589fiIvQ9 -mP2OPT_hlo -mP2OPT_hpo_rtt_control=0 -mIPOPT_args_in_regs=0 -mP2OPT_disam_assume_nonstd_intent_in=FALSE -mGLOB_imf_mapping_library=/usr/local/apps/intel/compilers_and_libraries_2017.1.132/linux/bin/intel64/libiml_attr.so -mPGOPTI_gen_threadsafe_level=0 -mIPOPT_link -mIPOPT_ipo_activate -mIPOPT_mo_activate -mIPOPT_source_files_list=/share/eesantis/vtnguye4/tmp/ifortslisSQXqh6 -mIPOPT_mo_global_data -mIPOPT_link_script_file=/share/eesantis/vtnguye4/tmp/ifortscripttF0o75 "-mIPOPT_cmdline_link="/usr/lib/gcc/x86_64-redhat-linux/4.8.5/../../../../lib64/crt1.o" "/usr/lib/gcc/x86_64-redhat-linux/4.8.5/../../../../lib64/crti.o" "/usr/lib/gcc/x86_64-redhat-linux/4.8.5/crtbegin.o" "--eh-frame-hdr" "--build-id" "-dynamic-linker" "/lib64/ld-linux-x86-64.so.2" "-m" "elf_x86_64" "-o" "cmTC_9ae62" "/usr/local/apps/intel/compilers_and_libraries_2017.1.132/linux/compiler/lib/intel64_lin/for_main.o" "-L/usr/local/apps/intel/clck/2018.3/lib/intel64" "-L/opt/intel/compilers_and_libraries_2017.1.132/linux/ipp/lib/intel64" "-L/opt/intel/compilers_and_libraries_2017.1.132/linux/compiler/lib/intel64_lin" "-L/opt/intel/compilers_and_libraries_2017.1.132/linux/mkl/lib/intel64_lin" "-L/opt/intel/compilers_and_libraries_2017.1.132/linux/tbb/lib/intel64/gcc4.7" "-L/opt/intel/compilers_and_libraries_2017.1.132/linux/daal/lib/intel64_lin" "-L/opt/intel/compilers_and_libraries_2017.1.132/linux/daal/../tbb/lib/intel64_lin/gcc4.4" "-L/usr/local/apps/intel/compilers_and_libraries_2017.1.132/linux/compiler/lib/intel64_lin" "-L/usr/lib/gcc/x86_64-redhat-linux/4.8.5/" "-L/usr/lib/gcc/x86_64-redhat-linux/4.8.5/../../../../lib64" "-L/usr/lib/gcc/x86_64-redhat-linux/4.8.5/../../../../lib64/" "-L/lib/../lib64" "-L/lib/../lib64/" "-L/usr/lib/../lib64" "-L/usr/lib/../lib64/" "-L/usr/local/apps/intel/clck/2018.3/lib/intel64/" "-L/opt/intel/compilers_and_libraries_2017.1.132/linux/ipp/lib/intel64/" "-L/opt/intel/compilers_and_libraries_2017.1.132/linux/compiler/lib/intel64_lin/" "-L/opt/intel/compilers_and_libraries_2017.1.132/linux/mkl/lib/intel64_lin/" "-L/opt/intel/compilers_and_libraries_2017.1.132/linux/tbb/lib/intel64/gcc4.7/" "-L/opt/intel/compilers_and_libraries_2017.1.132/linux/daal/lib/intel64_lin/" "-L/opt/intel/compilers_and_libraries_2017.1.132/linux/daal/../tbb/lib/intel64_lin/gcc4.4/" "-L/usr/lib/gcc/x86_64-redhat-linux/4.8.5/../../../" "-L/lib64" "-L/lib/" "-L/usr/lib64" "-L/usr/lib" "CMakeFiles/cmTC_9ae62.dir/CMakeFortranCompilerABI.F90.o" "-Bdynamic" "-Bstatic" "-lifport" "-lifcoremt" "-limf" "-lsvml" "-Bdynamic" "-lm" "-Bstatic" "-lipgo" "-lirc" "-Bdynamic" "-lpthread" "-Bstatic" "-lsvml" "-Bdynamic" "-lc" "-lgcc" "-lgcc_s" "-Bstatic" "-lirc_s" "-Bdynamic" "-ldl" "-lc" "/usr/lib/gcc/x86_64-redhat-linux/4.8.5/crtend.o" "/usr/lib/gcc/x86_64-redhat-linux/4.8.5/../../../../lib64/crtn.o"" -mIPOPT_il_in_obj -mIPOPT_ipo_activate_warn=FALSE -mIPOPT_obj_output_file_name=/share/eesantis/vtnguye4/tmp/ipo_ifortOnlmh7.o -mIPOPT_whole_archive_fixup_file_name=/share/eesantis/vtnguye4/tmp/ifortwarchY6tIw5 -mGLOB_linker_version=2.27 -mGLOB_driver_tempfile_name=/share/eesantis/vtnguye4/tmp/iforttempfile3Fecs5 -mP3OPT_asm_target=P3OPT_ASM_TARGET_GAS -mGLOB_async_unwind_tables=TRUE -mGLOB_obj_output_file=/share/eesantis/vtnguye4/tmp/ipo_ifortOnlmh7.o -mGLOB_source_dialect=GLOB_SOURCE_DIALECT_NONE -mP1OPT_source_file_name=ipo_out.f -mP2OPT_symtab_type_copy=true CMakeFiles/cmTC_9ae62.dir/CMakeFortranCompilerABI.F90.o -mIPOPT_object_files=T -mIPOPT_assembly_files=/share/eesantis/vtnguye4/tmp/ifortalisSqBoW6 -mIPOPT_generated_tempfiles=/share/eesantis/vtnguye4/tmp/ifortelisX5h2L6 -mIPOPT_embedded_object_base_name=/share/eesantis/vtnguye4/tmp/iforteobj01DKB6 -mIPOPT_cmdline_link_new_name=/share/eesantis/vtnguye4/tmp/ifortllisz1Uxr6
ld    /usr/lib/gcc/x86_64-redhat-linux/4.8.5/../../../../lib64/crt1.o /usr/lib/gcc/x86_64-redhat-linux/4.8.5/../../../../lib64/crti.o /usr/lib/gcc/x86_64-redhat-linux/4.8.5/crtbegin.o --eh-frame-hdr --build-id -dynamic-linker /lib64/ld-linux-x86-64.so.2 -m elf_x86_64 -o cmTC_9ae62 /usr/local/apps/intel/compilers_and_libraries_2017.1.132/linux/compiler/lib/intel64_lin/for_main.o -L/usr/local/apps/intel/clck/2018.3/lib/intel64 -L/opt/intel/compilers_and_libraries_2017.1.132/linux/ipp/lib/intel64 -L/opt/intel/compilers_and_libraries_2017.1.132/linux/compiler/lib/intel64_lin -L/opt/intel/compilers_and_libraries_2017.1.132/linux/mkl/lib/intel64_lin -L/opt/intel/compilers_and_libraries_2017.1.132/linux/tbb/lib/intel64/gcc4.7 -L/opt/intel/compilers_and_libraries_2017.1.132/linux/daal/lib/intel64_lin -L/opt/intel/compilers_and_libraries_2017.1.132/linux/daal/../tbb/lib/intel64_lin/gcc4.4 -L/usr/local/apps/intel/compilers_and_libraries_2017.1.132/linux/compiler/lib/intel64_lin -L/usr/lib/gcc/x86_64-redhat-linux/4.8.5/ -L/usr/lib/gcc/x86_64-redhat-linux/4.8.5/../../../../lib64 -L/usr/lib/gcc/x86_64-redhat-linux/4.8.5/../../../../lib64/ -L/lib/../lib64 -L/lib/../lib64/ -L/usr/lib/../lib64 -L/usr/lib/../lib64/ -L/usr/local/apps/intel/clck/2018.3/lib/intel64/ -L/opt/intel/compilers_and_libraries_2017.1.132/linux/ipp/lib/intel64/ -L/opt/intel/compilers_and_libraries_2017.1.132/linux/compiler/lib/intel64_lin/ -L/opt/intel/compilers_and_libraries_2017.1.132/linux/mkl/lib/intel64_lin/ -L/opt/intel/compilers_and_libraries_2017.1.132/linux/tbb/lib/intel64/gcc4.7/ -L/opt/intel/compilers_and_libraries_2017.1.132/linux/daal/lib/intel64_lin/ -L/opt/intel/compilers_and_libraries_2017.1.132/linux/daal/../tbb/lib/intel64_lin/gcc4.4/ -L/usr/lib/gcc/x86_64-redhat-linux/4.8.5/../../../ -L/lib64 -L/lib/ -L/usr/lib64 -L/usr/lib CMakeFiles/cmTC_9ae62.dir/CMakeFortranCompilerABI.F90.o -Bdynamic -Bstatic -lifport -lifcoremt -limf -lsvml -Bdynamic -lm -Bstatic -lipgo -lirc -Bdynamic -lpthread -Bstatic -lsvml -Bdynamic -lc -lgcc -lgcc_s -Bstatic -lirc_s -Bdynamic -ldl -lc /usr/lib/gcc/x86_64-redhat-linux/4.8.5/crtend.o /usr/lib/gcc/x86_64-redhat-linux/4.8.5/../../../../lib64/crtn.o
gmake[1]: Leaving directory `/gpfs_common/share03/hall2/vtnguye4/libgmxfort/build/CMakeFiles/CMakeTmp'



Parsed Fortran implicit include dir info from above output: rv=done
  found start of include info
  found start of implicit include info
    add: [.]
    add: [/opt/intel/compilers_and_libraries_2017.1.132/linux/ipp/include]
    add: [/opt/intel/compilers_and_libraries_2017.1.132/linux/mkl/include]
    add: [/opt/intel/compilers_and_libraries_2017.1.132/linux/tbb/include]
    add: [/opt/intel/compilers_and_libraries_2017.1.132/linux/daal/include]
    add: [/usr/local/apps/intel/compilers_and_libraries_2017.1.132/linux/compiler/include/intel64]
    add: [/usr/local/apps/intel/compilers_and_libraries_2017.1.132/linux/compiler/include/icc]
    add: [/usr/local/apps/intel/compilers_and_libraries_2017.1.132/linux/compiler/include]
    add: [/usr/local/include]
    add: [/usr/lib/gcc/x86_64-redhat-linux/4.8.5/include]
    add: [/usr/include/]
    add: [/usr/include]
  end of search list found
  skipping relative include dir [.]
  collapse include dir [/opt/intel/compilers_and_libraries_2017.1.132/linux/ipp/include] ==> [/opt/intel/compilers_and_libraries_2017.1.132/linux/ipp/include]
  collapse include dir [/opt/intel/compilers_and_libraries_2017.1.132/linux/mkl/include] ==> [/opt/intel/compilers_and_libraries_2017.1.132/linux/mkl/include]
  collapse include dir [/opt/intel/compilers_and_libraries_2017.1.132/linux/tbb/include] ==> [/opt/intel/compilers_and_libraries_2017.1.132/linux/tbb/include]
  collapse include dir [/opt/intel/compilers_and_libraries_2017.1.132/linux/daal/include] ==> [/opt/intel/compilers_and_libraries_2017.1.132/linux/daal/include]
  collapse include dir [/usr/local/apps/intel/compilers_and_libraries_2017.1.132/linux/compiler/include/intel64] ==> [/usr/local/apps/intel/compilers_and_libraries_2017.1.132/linux/compiler/include/intel64]
  collapse include dir [/usr/local/apps/intel/compilers_and_libraries_2017.1.132/linux/compiler/include/icc] ==> [/usr/local/apps/intel/compilers_and_libraries_2017.1.132/linux/compiler/include/icc]
  collapse include dir [/usr/local/apps/intel/compilers_and_libraries_2017.1.132/linux/compiler/include] ==> [/usr/local/apps/intel/compilers_and_libraries_2017.1.132/linux/compiler/include]
  collapse include dir [/usr/local/include] ==> [/usr/local/include]
  collapse include dir [/usr/lib/gcc/x86_64-redhat-linux/4.8.5/include] ==> [/usr/lib/gcc/x86_64-redhat-linux/4.8.5/include]
  collapse include dir [/usr/include/] ==> [/usr/include]
  collapse include dir [/usr/include] ==> [/usr/include]
  implicit include dirs: [/opt/intel/compilers_and_libraries_2017.1.132/linux/ipp/include;/opt/intel/compilers_and_libraries_2017.1.132/linux/mkl/include;/opt/intel/compilers_and_libraries_2017.1.132/linux/tbb/include;/opt/intel/compilers_and_libraries_2017.1.132/linux/daal/include;/usr/local/apps/intel/compilers_and_libraries_2017.1.132/linux/compiler/include/intel64;/usr/local/apps/intel/compilers_and_libraries_2017.1.132/linux/compiler/include/icc;/usr/local/apps/intel/compilers_and_libraries_2017.1.132/linux/compiler/include;/usr/local/include;/usr/lib/gcc/x86_64-redhat-linux/4.8.5/include;/usr/include]


Parsed Fortran implicit link information from above output:
  link line regex: [^( *|.*[/\])(ld|CMAKE_LINK_STARTFILE-NOTFOUND|([^/\]+-)?ld|collect2)[^/\]*( |$)]
  ignore line: [Change Dir: /gpfs_common/share03/hall2/vtnguye4/libgmxfort/build/CMakeFiles/CMakeTmp]
  ignore line: []
  ignore line: [Run Build Command(s):/usr/bin/gmake -f Makefile cmTC_9ae62/fast && /usr/bin/gmake  -f CMakeFiles/cmTC_9ae62.dir/build.make CMakeFiles/cmTC_9ae62.dir/build]
  ignore line: [gmake[1]: Entering directory `/gpfs_common/share03/hall2/vtnguye4/libgmxfort/build/CMakeFiles/CMakeTmp']
  ignore line: [Building Fortran object CMakeFiles/cmTC_9ae62.dir/CMakeFortranCompilerABI.F90.o]
  ignore line: [/opt/intel/compilers_and_libraries_2017.1.132/linux/bin/intel64/ifort   -v -c /usr/local/apps/cmake/cmake-3.24.1-linux-x86_64/share/cmake-3.24/Modules/CMakeFortranCompilerABI.F90 -o CMakeFiles/cmTC_9ae62.dir/CMakeFortranCompilerABI.F90.o]
  ignore line: [ifort version 17.0.1]
  ignore line: [/usr/local/apps/intel/compilers_and_libraries_2017.1.132/linux/bin/intel64/fpp    -D__INTEL_COMPILER=1700 -D__INTEL_COMPILER_UPDATE=1 -D__unix__ -D__unix -D__linux__ -D__linux -D__gnu_linux__ -Dunix -Dlinux -D__ELF__ -D__x86_64 -D__x86_64__ -D__amd64 -D__amd64__ -D__INTEL_COMPILER_BUILD_DATE=20161005 -D__INTEL_OFFLOAD -D__i686 -D__i686__ -D__pentiumpro -D__pentiumpro__ -D__pentium4 -D__pentium4__ -D__tune_pentium4__ -D__SSE2__ -D__SSE2_MATH__ -D__SSE__ -D__SSE_MATH__ -D__MMX__ -I. -I/opt/intel/compilers_and_libraries_2017.1.132/linux/ipp/include -I/opt/intel/compilers_and_libraries_2017.1.132/linux/mkl/include -I/opt/intel/compilers_and_libraries_2017.1.132/linux/tbb/include -I/opt/intel/compilers_and_libraries_2017.1.132/linux/daal/include -I/usr/local/apps/intel/compilers_and_libraries_2017.1.132/linux/compiler/include/intel64 -I/usr/local/apps/intel/compilers_and_libraries_2017.1.132/linux/compiler/include/icc -I/usr/local/apps/intel/compilers_and_libraries_2017.1.132/linux/compiler/include -I/usr/local/include -I/usr/lib/gcc/x86_64-redhat-linux/4.8.5/include -I/usr/include/ -I/usr/include -4Ycpp -4Ncvf -f_com=yes -MX /usr/local/apps/cmake/cmake-3.24.1-linux-x86_64/share/cmake-3.24/Modules/CMakeFortranCompilerABI.F90 /share/eesantis/vtnguye4/tmp/ifortREGDJy.i90]
  ignore line: [#include "..." search starts here:]
  ignore line: [#include <...> search starts here:]
  ignore line: [ .]
  ignore line: [ /opt/intel/compilers_and_libraries_2017.1.132/linux/ipp/include]
  ignore line: [ /opt/intel/compilers_and_libraries_2017.1.132/linux/mkl/include]
  ignore line: [ /opt/intel/compilers_and_libraries_2017.1.132/linux/tbb/include]
  ignore line: [ /opt/intel/compilers_and_libraries_2017.1.132/linux/daal/include]
  ignore line: [ /usr/local/apps/intel/compilers_and_libraries_2017.1.132/linux/compiler/include/intel64]
  ignore line: [ /usr/local/apps/intel/compilers_and_libraries_2017.1.132/linux/compiler/include/icc]
  ignore line: [ /usr/local/apps/intel/compilers_and_libraries_2017.1.132/linux/compiler/include]
  ignore line: [ /usr/local/include]
  ignore line: [ /usr/lib/gcc/x86_64-redhat-linux/4.8.5/include]
  ignore line: [ /usr/include/]
  ignore line: [ /usr/include]
  ignore line: [End of search list.]
  ignore line: [/usr/local/apps/intel/compilers_and_libraries_2017.1.132/linux/bin/intel64/fortcom    -D__INTEL_COMPILER=1700 -D__INTEL_COMPILER_UPDATE=1 -D__unix__ -D__unix -D__linux__ -D__linux -D__gnu_linux__ -Dunix -Dlinux -D__ELF__ -D__x86_64 -D__x86_64__ -D__amd64 -D__amd64__ -D__INTEL_COMPILER_BUILD_DATE=20161005 -D__INTEL_OFFLOAD -D__i686 -D__i686__ -D__pentiumpro -D__pentiumpro__ -D__pentium4 -D__pentium4__ -D__tune_pentium4__ -D__SSE2__ -D__SSE2_MATH__ -D__SSE__ -D__SSE_MATH__ -D__MMX__ -mGLOB_pack_sort_init_list -I/usr/local/apps/cmake/cmake-3.24.1-linux-x86_64/share/cmake-3.24/Modules -I. -I/opt/intel/compilers_and_libraries_2017.1.132/linux/ipp/include -I/opt/intel/compilers_and_libraries_2017.1.132/linux/mkl/include -I/opt/intel/compilers_and_libraries_2017.1.132/linux/tbb/include -I/opt/intel/compilers_and_libraries_2017.1.132/linux/daal/include -I/usr/local/apps/intel/compilers_and_libraries_2017.1.132/linux/compiler/include/intel64 -I/usr/local/apps/intel/compilers_and_libraries_2017.1.132/linux/compiler/include/icc -I/usr/local/apps/intel/compilers_and_libraries_2017.1.132/linux/compiler/include -I/usr/local/include -I/usr/lib/gcc/x86_64-redhat-linux/4.8.5/include -I/usr/include/ -I/usr/include -O2 "-reentrancy threaded" -simd -offload_host -mGLOB_em64t=TRUE -mP1OPT_version=17.0-intel64 -mGLOB_diag_file=CMakeFiles/cmTC_9ae62.dir/CMakeFortranCompilerABI.F90.diag -mGLOB_long_size_64 -mGLOB_routine_pointer_size_64 -mGLOB_source_language=GLOB_SOURCE_LANGUAGE_F90 -mP2OPT_static_promotion -mP1OPT_print_version=FALSE -mCG_use_gas_got_workaround=F -mP2OPT_align_option_used=TRUE -mGLOB_gcc_version=485 "-mGLOB_options_string=-v -c -o CMakeFiles/cmTC_9ae62.dir/CMakeFortranCompilerABI.F90.o" -mGLOB_cxx_limited_range=FALSE -mCG_extend_parms=FALSE -mGLOB_compiler_bin_directory=/usr/local/apps/intel/compilers_and_libraries_2017.1.132/linux/bin/intel64 -mGLOB_as_output_backup_file_name=/share/eesantis/vtnguye4/tmp/ifortqjQ2zuas_.s -mIPOPT_activate -mIPOPT_lite -mGLOB_instruction_tuning=0x0 -mGLOB_uarch_tuning=0x0 -mGLOB_product_id_code=0x22006d8f -mCG_bnl_movbe=T -mGLOB_extended_instructions=0x8 -mP3OPT_use_mspp_call_convention -mP2OPT_subs_out_of_bound=FALSE -mP2OPT_disam_type_based_disam=2 -mGLOB_ansi_alias -mPGOPTI_value_profile_use=T -mP2OPT_il0_array_sections=TRUE -mGLOB_offload_mode=1 -mP2OPT_offload_unique_var_string=ifort1712370081Lfb8EE -mP2OPT_hlo_level=2 -mP2OPT_hlo -mP2OPT_hpo_rtt_control=0 -mIPOPT_args_in_regs=0 -mP2OPT_disam_assume_nonstd_intent_in=FALSE -mGLOB_imf_mapping_library=/usr/local/apps/intel/compilers_and_libraries_2017.1.132/linux/bin/intel64/libiml_attr.so -mPGOPTI_gen_threadsafe_level=0 -mIPOPT_lto_object_enabled -mIPOPT_lto_object_value=1 -mIPOPT_obj_output_file_name=CMakeFiles/cmTC_9ae62.dir/CMakeFortranCompilerABI.F90.o -mIPOPT_whole_archive_fixup_file_name=/share/eesantis/vtnguye4/tmp/ifortwarchO1LFVr -mGLOB_linker_version=2.27 -mGLOB_driver_tempfile_name=/share/eesantis/vtnguye4/tmp/iforttempfileDQn5Bq -mP3OPT_asm_target=P3OPT_ASM_TARGET_GAS -mGLOB_async_unwind_tables=TRUE -mGLOB_obj_output_file=CMakeFiles/cmTC_9ae62.dir/CMakeFortranCompilerABI.F90.o -mGLOB_source_dialect=GLOB_SOURCE_DIALECT_FORTRAN -mP1OPT_source_file_name=/usr/local/apps/cmake/cmake-3.24.1-linux-x86_64/share/cmake-3.24/Modules/CMakeFortranCompilerABI.F90 -mP1OPT_full_source_file_name=/usr/local/apps/cmake/cmake-3.24.1-linux-x86_64/share/cmake-3.24/Modules/CMakeFortranCompilerABI.F90 -mP2OPT_symtab_type_copy=true /share/eesantis/vtnguye4/tmp/ifortREGDJy.i90]
  ignore line: [#include "..." search starts here:]
  ignore line: [#include <...> search starts here:]
  ignore line: [ /usr/local/apps/cmake/cmake-3.24.1-linux-x86_64/share/cmake-3.24/Modules]
  ignore line: [ .]
  ignore line: [ /opt/intel/compilers_and_libraries_2017.1.132/linux/ipp/include]
  ignore line: [ /opt/intel/compilers_and_libraries_2017.1.132/linux/mkl/include]
  ignore line: [ /opt/intel/compilers_and_libraries_2017.1.132/linux/tbb/include]
  ignore line: [ /opt/intel/compilers_and_libraries_2017.1.132/linux/daal/include]
  ignore line: [ /usr/local/apps/intel/compilers_and_libraries_2017.1.132/linux/compiler/include/intel64]
  ignore line: [ /usr/local/apps/intel/compilers_and_libraries_2017.1.132/linux/compiler/include/icc]
  ignore line: [ /usr/local/apps/intel/compilers_and_libraries_2017.1.132/linux/compiler/include]
  ignore line: [ /usr/local/include]
  ignore line: [ /usr/lib/gcc/x86_64-redhat-linux/4.8.5/include]
  ignore line: [ /usr/include/]
  ignore line: [ /usr/include]
  ignore line: [End of search list.]
  ignore line: [Linking Fortran executable cmTC_9ae62]
  ignore line: [/usr/local/apps/cmake/cmake-3.24.1-linux-x86_64/bin/cmake -E cmake_link_script CMakeFiles/cmTC_9ae62.dir/link.txt --verbose=1]
  ignore line: [/opt/intel/compilers_and_libraries_2017.1.132/linux/bin/intel64/ifort  -v CMakeFiles/cmTC_9ae62.dir/CMakeFortranCompilerABI.F90.o -o cmTC_9ae62 ]
  ignore line: [ifort version 17.0.1]
  ignore line: [/usr/local/apps/intel/compilers_and_libraries_2017.1.132/linux/bin/intel64/fortcom    -mGLOB_em64t=TRUE -mP1OPT_version=17.0-intel64 -mGLOB_diag_file=CMakeFiles/cmTC_9ae62.dir/CMakeFortranCompilerABI.F90.diag -mGLOB_long_size_64 -mGLOB_routine_pointer_size_64 -mGLOB_source_language=GLOB_SOURCE_LANGUAGE_F90 -mP2OPT_static_promotion -mP1OPT_print_version=FALSE -mCG_use_gas_got_workaround=F -mP2OPT_align_option_used=TRUE -mGLOB_gcc_version=485 "-mGLOB_options_string=-v -o cmTC_9ae62" -mGLOB_cxx_limited_range=FALSE -mCG_extend_parms=FALSE -mGLOB_compiler_bin_directory=/usr/local/apps/intel/compilers_and_libraries_2017.1.132/linux/bin/intel64 -mGLOB_as_output_backup_file_name=/share/eesantis/vtnguye4/tmp/ifortZBuzP5as_.s -mGLOB_dashboard_use_source_name -mIPOPT_activate -mGLOB_product_id_code=0x22006d8f -mP3OPT_use_mspp_call_convention -mP2OPT_subs_out_of_bound=FALSE -mP2OPT_disam_type_based_disam=2 -mGLOB_ansi_alias -mPGOPTI_value_profile_use=T -mGLOB_opt_report_use_source_name -mP2OPT_il0_array_sections=TRUE -mGLOB_offload_mode=1 -mP2OPT_offload_unique_var_string=ifort1032920589fiIvQ9 -mP2OPT_hlo -mP2OPT_hpo_rtt_control=0 -mIPOPT_args_in_regs=0 -mP2OPT_disam_assume_nonstd_intent_in=FALSE -mGLOB_imf_mapping_library=/usr/local/apps/intel/compilers_and_libraries_2017.1.132/linux/bin/intel64/libiml_attr.so -mPGOPTI_gen_threadsafe_level=0 -mIPOPT_link -mIPOPT_ipo_activate -mIPOPT_mo_activate -mIPOPT_source_files_list=/share/eesantis/vtnguye4/tmp/ifortslisSQXqh6 -mIPOPT_mo_global_data -mIPOPT_link_script_file=/share/eesantis/vtnguye4/tmp/ifortscripttF0o75 "-mIPOPT_cmdline_link="/usr/lib/gcc/x86_64-redhat-linux/4.8.5/../../../../lib64/crt1.o" "/usr/lib/gcc/x86_64-redhat-linux/4.8.5/../../../../lib64/crti.o" "/usr/lib/gcc/x86_64-redhat-linux/4.8.5/crtbegin.o" "--eh-frame-hdr" "--build-id" "-dynamic-linker" "/lib64/ld-linux-x86-64.so.2" "-m" "elf_x86_64" "-o" "cmTC_9ae62" "/usr/local/apps/intel/compilers_and_libraries_2017.1.132/linux/compiler/lib/intel64_lin/for_main.o" "-L/usr/local/apps/intel/clck/2018.3/lib/intel64" "-L/opt/intel/compilers_and_libraries_2017.1.132/linux/ipp/lib/intel64" "-L/opt/intel/compilers_and_libraries_2017.1.132/linux/compiler/lib/intel64_lin" "-L/opt/intel/compilers_and_libraries_2017.1.132/linux/mkl/lib/intel64_lin" "-L/opt/intel/compilers_and_libraries_2017.1.132/linux/tbb/lib/intel64/gcc4.7" "-L/opt/intel/compilers_and_libraries_2017.1.132/linux/daal/lib/intel64_lin" "-L/opt/intel/compilers_and_libraries_2017.1.132/linux/daal/../tbb/lib/intel64_lin/gcc4.4" "-L/usr/local/apps/intel/compilers_and_libraries_2017.1.132/linux/compiler/lib/intel64_lin" "-L/usr/lib/gcc/x86_64-redhat-linux/4.8.5/" "-L/usr/lib/gcc/x86_64-redhat-linux/4.8.5/../../../../lib64" "-L/usr/lib/gcc/x86_64-redhat-linux/4.8.5/../../../../lib64/" "-L/lib/../lib64" "-L/lib/../lib64/" "-L/usr/lib/../lib64" "-L/usr/lib/../lib64/" "-L/usr/local/apps/intel/clck/2018.3/lib/intel64/" "-L/opt/intel/compilers_and_libraries_2017.1.132/linux/ipp/lib/intel64/" "-L/opt/intel/compilers_and_libraries_2017.1.132/linux/compiler/lib/intel64_lin/" "-L/opt/intel/compilers_and_libraries_2017.1.132/linux/mkl/lib/intel64_lin/" "-L/opt/intel/compilers_and_libraries_2017.1.132/linux/tbb/lib/intel64/gcc4.7/" "-L/opt/intel/compilers_and_libraries_2017.1.132/linux/daal/lib/intel64_lin/" "-L/opt/intel/compilers_and_libraries_2017.1.132/linux/daal/../tbb/lib/intel64_lin/gcc4.4/" "-L/usr/lib/gcc/x86_64-redhat-linux/4.8.5/../../../" "-L/lib64" "-L/lib/" "-L/usr/lib64" "-L/usr/lib" "CMakeFiles/cmTC_9ae62.dir/CMakeFortranCompilerABI.F90.o" "-Bdynamic" "-Bstatic" "-lifport" "-lifcoremt" "-limf" "-lsvml" "-Bdynamic" "-lm" "-Bstatic" "-lipgo" "-lirc" "-Bdynamic" "-lpthread" "-Bstatic" "-lsvml" "-Bdynamic" "-lc" "-lgcc" "-lgcc_s" "-Bstatic" "-lirc_s" "-Bdynamic" "-ldl" "-lc" "/usr/lib/gcc/x86_64-redhat-linux/4.8.5/crtend.o" "/usr/lib/gcc/x86_64-redhat-linux/4.8.5/../../../../lib64/crtn.o"" -mIPOPT_il_in_obj -mIPOPT_ipo_activate_warn=FALSE -mIPOPT_obj_output_file_name=/share/eesantis/vtnguye4/tmp/ipo_ifortOnlmh7.o -mIPOPT_whole_archive_fixup_file_name=/share/eesantis/vtnguye4/tmp/ifortwarchY6tIw5 -mGLOB_linker_version=2.27 -mGLOB_driver_tempfile_name=/share/eesantis/vtnguye4/tmp/iforttempfile3Fecs5 -mP3OPT_asm_target=P3OPT_ASM_TARGET_GAS -mGLOB_async_unwind_tables=TRUE -mGLOB_obj_output_file=/share/eesantis/vtnguye4/tmp/ipo_ifortOnlmh7.o -mGLOB_source_dialect=GLOB_SOURCE_DIALECT_NONE -mP1OPT_source_file_name=ipo_out.f -mP2OPT_symtab_type_copy=true CMakeFiles/cmTC_9ae62.dir/CMakeFortranCompilerABI.F90.o -mIPOPT_object_files=T -mIPOPT_assembly_files=/share/eesantis/vtnguye4/tmp/ifortalisSqBoW6 -mIPOPT_generated_tempfiles=/share/eesantis/vtnguye4/tmp/ifortelisX5h2L6 -mIPOPT_embedded_object_base_name=/share/eesantis/vtnguye4/tmp/iforteobj01DKB6 -mIPOPT_cmdline_link_new_name=/share/eesantis/vtnguye4/tmp/ifortllisz1Uxr6]
  link line: [ld    /usr/lib/gcc/x86_64-redhat-linux/4.8.5/../../../../lib64/crt1.o /usr/lib/gcc/x86_64-redhat-linux/4.8.5/../../../../lib64/crti.o /usr/lib/gcc/x86_64-redhat-linux/4.8.5/crtbegin.o --eh-frame-hdr --build-id -dynamic-linker /lib64/ld-linux-x86-64.so.2 -m elf_x86_64 -o cmTC_9ae62 /usr/local/apps/intel/compilers_and_libraries_2017.1.132/linux/compiler/lib/intel64_lin/for_main.o -L/usr/local/apps/intel/clck/2018.3/lib/intel64 -L/opt/intel/compilers_and_libraries_2017.1.132/linux/ipp/lib/intel64 -L/opt/intel/compilers_and_libraries_2017.1.132/linux/compiler/lib/intel64_lin -L/opt/intel/compilers_and_libraries_2017.1.132/linux/mkl/lib/intel64_lin -L/opt/intel/compilers_and_libraries_2017.1.132/linux/tbb/lib/intel64/gcc4.7 -L/opt/intel/compilers_and_libraries_2017.1.132/linux/daal/lib/intel64_lin -L/opt/intel/compilers_and_libraries_2017.1.132/linux/daal/../tbb/lib/intel64_lin/gcc4.4 -L/usr/local/apps/intel/compilers_and_libraries_2017.1.132/linux/compiler/lib/intel64_lin -L/usr/lib/gcc/x86_64-redhat-linux/4.8.5/ -L/usr/lib/gcc/x86_64-redhat-linux/4.8.5/../../../../lib64 -L/usr/lib/gcc/x86_64-redhat-linux/4.8.5/../../../../lib64/ -L/lib/../lib64 -L/lib/../lib64/ -L/usr/lib/../lib64 -L/usr/lib/../lib64/ -L/usr/local/apps/intel/clck/2018.3/lib/intel64/ -L/opt/intel/compilers_and_libraries_2017.1.132/linux/ipp/lib/intel64/ -L/opt/intel/compilers_and_libraries_2017.1.132/linux/compiler/lib/intel64_lin/ -L/opt/intel/compilers_and_libraries_2017.1.132/linux/mkl/lib/intel64_lin/ -L/opt/intel/compilers_and_libraries_2017.1.132/linux/tbb/lib/intel64/gcc4.7/ -L/opt/intel/compilers_and_libraries_2017.1.132/linux/daal/lib/intel64_lin/ -L/opt/intel/compilers_and_libraries_2017.1.132/linux/daal/../tbb/lib/intel64_lin/gcc4.4/ -L/usr/lib/gcc/x86_64-redhat-linux/4.8.5/../../../ -L/lib64 -L/lib/ -L/usr/lib64 -L/usr/lib CMakeFiles/cmTC_9ae62.dir/CMakeFortranCompilerABI.F90.o -Bdynamic -Bstatic -lifport -lifcoremt -limf -lsvml -Bdynamic -lm -Bstatic -lipgo -lirc -Bdynamic -lpthread -Bstatic -lsvml -Bdynamic -lc -lgcc -lgcc_s -Bstatic -lirc_s -Bdynamic -ldl -lc /usr/lib/gcc/x86_64-redhat-linux/4.8.5/crtend.o /usr/lib/gcc/x86_64-redhat-linux/4.8.5/../../../../lib64/crtn.o]
    arg [ld] ==> ignore
    arg [/usr/lib/gcc/x86_64-redhat-linux/4.8.5/../../../../lib64/crt1.o] ==> obj [/usr/lib/gcc/x86_64-redhat-linux/4.8.5/../../../../lib64/crt1.o]
    arg [/usr/lib/gcc/x86_64-redhat-linux/4.8.5/../../../../lib64/crti.o] ==> obj [/usr/lib/gcc/x86_64-redhat-linux/4.8.5/../../../../lib64/crti.o]
    arg [/usr/lib/gcc/x86_64-redhat-linux/4.8.5/crtbegin.o] ==> obj [/usr/lib/gcc/x86_64-redhat-linux/4.8.5/crtbegin.o]
    arg [--eh-frame-hdr] ==> ignore
    arg [--build-id] ==> ignore
    arg [-dynamic-linker] ==> ignore
    arg [/lib64/ld-linux-x86-64.so.2] ==> ignore
    arg [-m] ==> ignore
    arg [elf_x86_64] ==> ignore
    arg [-o] ==> ignore
    arg [cmTC_9ae62] ==> ignore
    arg [/usr/local/apps/intel/compilers_and_libraries_2017.1.132/linux/compiler/lib/intel64_lin/for_main.o] ==> obj [/usr/local/apps/intel/compilers_and_libraries_2017.1.132/linux/compiler/lib/intel64_lin/for_main.o]
    arg [-L/usr/local/apps/intel/clck/2018.3/lib/intel64] ==> dir [/usr/local/apps/intel/clck/2018.3/lib/intel64]
    arg [-L/opt/intel/compilers_and_libraries_2017.1.132/linux/ipp/lib/intel64] ==> dir [/opt/intel/compilers_and_libraries_2017.1.132/linux/ipp/lib/intel64]
    arg [-L/opt/intel/compilers_and_libraries_2017.1.132/linux/compiler/lib/intel64_lin] ==> dir [/opt/intel/compilers_and_libraries_2017.1.132/linux/compiler/lib/intel64_lin]
    arg [-L/opt/intel/compilers_and_libraries_2017.1.132/linux/mkl/lib/intel64_lin] ==> dir [/opt/intel/compilers_and_libraries_2017.1.132/linux/mkl/lib/intel64_lin]
    arg [-L/opt/intel/compilers_and_libraries_2017.1.132/linux/tbb/lib/intel64/gcc4.7] ==> dir [/opt/intel/compilers_and_libraries_2017.1.132/linux/tbb/lib/intel64/gcc4.7]
    arg [-L/opt/intel/compilers_and_libraries_2017.1.132/linux/daal/lib/intel64_lin] ==> dir [/opt/intel/compilers_and_libraries_2017.1.132/linux/daal/lib/intel64_lin]
    arg [-L/opt/intel/compilers_and_libraries_2017.1.132/linux/daal/../tbb/lib/intel64_lin/gcc4.4] ==> dir [/opt/intel/compilers_and_libraries_2017.1.132/linux/daal/../tbb/lib/intel64_lin/gcc4.4]
    arg [-L/usr/local/apps/intel/compilers_and_libraries_2017.1.132/linux/compiler/lib/intel64_lin] ==> dir [/usr/local/apps/intel/compilers_and_libraries_2017.1.132/linux/compiler/lib/intel64_lin]
    arg [-L/usr/lib/gcc/x86_64-redhat-linux/4.8.5/] ==> dir [/usr/lib/gcc/x86_64-redhat-linux/4.8.5/]
    arg [-L/usr/lib/gcc/x86_64-redhat-linux/4.8.5/../../../../lib64] ==> dir [/usr/lib/gcc/x86_64-redhat-linux/4.8.5/../../../../lib64]
    arg [-L/usr/lib/gcc/x86_64-redhat-linux/4.8.5/../../../../lib64/] ==> dir [/usr/lib/gcc/x86_64-redhat-linux/4.8.5/../../../../lib64/]
    arg [-L/lib/../lib64] ==> dir [/lib/../lib64]
    arg [-L/lib/../lib64/] ==> dir [/lib/../lib64/]
    arg [-L/usr/lib/../lib64] ==> dir [/usr/lib/../lib64]
    arg [-L/usr/lib/../lib64/] ==> dir [/usr/lib/../lib64/]
    arg [-L/usr/local/apps/intel/clck/2018.3/lib/intel64/] ==> dir [/usr/local/apps/intel/clck/2018.3/lib/intel64/]
    arg [-L/opt/intel/compilers_and_libraries_2017.1.132/linux/ipp/lib/intel64/] ==> dir [/opt/intel/compilers_and_libraries_2017.1.132/linux/ipp/lib/intel64/]
    arg [-L/opt/intel/compilers_and_libraries_2017.1.132/linux/compiler/lib/intel64_lin/] ==> dir [/opt/intel/compilers_and_libraries_2017.1.132/linux/compiler/lib/intel64_lin/]
    arg [-L/opt/intel/compilers_and_libraries_2017.1.132/linux/mkl/lib/intel64_lin/] ==> dir [/opt/intel/compilers_and_libraries_2017.1.132/linux/mkl/lib/intel64_lin/]
    arg [-L/opt/intel/compilers_and_libraries_2017.1.132/linux/tbb/lib/intel64/gcc4.7/] ==> dir [/opt/intel/compilers_and_libraries_2017.1.132/linux/tbb/lib/intel64/gcc4.7/]
    arg [-L/opt/intel/compilers_and_libraries_2017.1.132/linux/daal/lib/intel64_lin/] ==> dir [/opt/intel/compilers_and_libraries_2017.1.132/linux/daal/lib/intel64_lin/]
    arg [-L/opt/intel/compilers_and_libraries_2017.1.132/linux/daal/../tbb/lib/intel64_lin/gcc4.4/] ==> dir [/opt/intel/compilers_and_libraries_2017.1.132/linux/daal/../tbb/lib/intel64_lin/gcc4.4/]
    arg [-L/usr/lib/gcc/x86_64-redhat-linux/4.8.5/../../../] ==> dir [/usr/lib/gcc/x86_64-redhat-linux/4.8.5/../../../]
    arg [-L/lib64] ==> dir [/lib64]
    arg [-L/lib/] ==> dir [/lib/]
    arg [-L/usr/lib64] ==> dir [/usr/lib64]
    arg [-L/usr/lib] ==> dir [/usr/lib]
    arg [CMakeFiles/cmTC_9ae62.dir/CMakeFortranCompilerABI.F90.o] ==> ignore
    arg [-Bdynamic] ==> search dynamic
    arg [-Bstatic] ==> search static
    arg [-lifport] ==> lib [ifport]
    arg [-lifcoremt] ==> lib [ifcoremt]
    arg [-limf] ==> lib [imf]
    arg [-lsvml] ==> lib [svml]
    arg [-Bdynamic] ==> search dynamic
    arg [-lm] ==> lib [m]
    arg [-Bstatic] ==> search static
    arg [-lipgo] ==> lib [ipgo]
    arg [-lirc] ==> lib [irc]
    arg [-Bdynamic] ==> search dynamic
    arg [-lpthread] ==> lib [pthread]
    arg [-Bstatic] ==> search static
    arg [-lsvml] ==> lib [svml]
    arg [-Bdynamic] ==> search dynamic
    arg [-lc] ==> lib [c]
    arg [-lgcc] ==> lib [gcc]
    arg [-lgcc_s] ==> lib [gcc_s]
    arg [-Bstatic] ==> search static
    arg [-lirc_s] ==> lib [irc_s]
    arg [-Bdynamic] ==> search dynamic
    arg [-ldl] ==> lib [dl]
    arg [-lc] ==> lib [c]
    arg [/usr/lib/gcc/x86_64-redhat-linux/4.8.5/crtend.o] ==> obj [/usr/lib/gcc/x86_64-redhat-linux/4.8.5/crtend.o]
    arg [/usr/lib/gcc/x86_64-redhat-linux/4.8.5/../../../../lib64/crtn.o] ==> obj [/usr/lib/gcc/x86_64-redhat-linux/4.8.5/../../../../lib64/crtn.o]
  collapse obj [/usr/lib/gcc/x86_64-redhat-linux/4.8.5/../../../../lib64/crt1.o] ==> [/usr/lib64/crt1.o]
  collapse obj [/usr/lib/gcc/x86_64-redhat-linux/4.8.5/../../../../lib64/crti.o] ==> [/usr/lib64/crti.o]
  collapse obj [/usr/lib/gcc/x86_64-redhat-linux/4.8.5/../../../../lib64/crtn.o] ==> [/usr/lib64/crtn.o]
  collapse library dir [/usr/local/apps/intel/clck/2018.3/lib/intel64] ==> [/usr/local/apps/intel/clck/2018.3/lib/intel64]
  collapse library dir [/opt/intel/compilers_and_libraries_2017.1.132/linux/ipp/lib/intel64] ==> [/opt/intel/compilers_and_libraries_2017.1.132/linux/ipp/lib/intel64]
  collapse library dir [/opt/intel/compilers_and_libraries_2017.1.132/linux/compiler/lib/intel64_lin] ==> [/opt/intel/compilers_and_libraries_2017.1.132/linux/compiler/lib/intel64_lin]
  collapse library dir [/opt/intel/compilers_and_libraries_2017.1.132/linux/mkl/lib/intel64_lin] ==> [/opt/intel/compilers_and_libraries_2017.1.132/linux/mkl/lib/intel64_lin]
  collapse library dir [/opt/intel/compilers_and_libraries_2017.1.132/linux/tbb/lib/intel64/gcc4.7] ==> [/opt/intel/compilers_and_libraries_2017.1.132/linux/tbb/lib/intel64/gcc4.7]
  collapse library dir [/opt/intel/compilers_and_libraries_2017.1.132/linux/daal/lib/intel64_lin] ==> [/opt/intel/compilers_and_libraries_2017.1.132/linux/daal/lib/intel64_lin]
  collapse library dir [/opt/intel/compilers_and_libraries_2017.1.132/linux/daal/../tbb/lib/intel64_lin/gcc4.4] ==> [/opt/intel/compilers_and_libraries_2017.1.132/linux/tbb/lib/intel64_lin/gcc4.4]
  collapse library dir [/usr/local/apps/intel/compilers_and_libraries_2017.1.132/linux/compiler/lib/intel64_lin] ==> [/usr/local/apps/intel/compilers_and_libraries_2017.1.132/linux/compiler/lib/intel64_lin]
  collapse library dir [/usr/lib/gcc/x86_64-redhat-linux/4.8.5/] ==> [/usr/lib/gcc/x86_64-redhat-linux/4.8.5]
  collapse library dir [/usr/lib/gcc/x86_64-redhat-linux/4.8.5/../../../../lib64] ==> [/usr/lib64]
  collapse library dir [/usr/lib/gcc/x86_64-redhat-linux/4.8.5/../../../../lib64/] ==> [/usr/lib64]
  collapse library dir [/lib/../lib64] ==> [/lib64]
  collapse library dir [/lib/../lib64/] ==> [/lib64]
  collapse library dir [/usr/lib/../lib64] ==> [/usr/lib64]
  collapse library dir [/usr/lib/../lib64/] ==> [/usr/lib64]
  collapse library dir [/usr/local/apps/intel/clck/2018.3/lib/intel64/] ==> [/usr/local/apps/intel/clck/2018.3/lib/intel64]
  collapse library dir [/opt/intel/compilers_and_libraries_2017.1.132/linux/ipp/lib/intel64/] ==> [/opt/intel/compilers_and_libraries_2017.1.132/linux/ipp/lib/intel64]
  collapse library dir [/opt/intel/compilers_and_libraries_2017.1.132/linux/compiler/lib/intel64_lin/] ==> [/opt/intel/compilers_and_libraries_2017.1.132/linux/compiler/lib/intel64_lin]
  collapse library dir [/opt/intel/compilers_and_libraries_2017.1.132/linux/mkl/lib/intel64_lin/] ==> [/opt/intel/compilers_and_libraries_2017.1.132/linux/mkl/lib/intel64_lin]
  collapse library dir [/opt/intel/compilers_and_libraries_2017.1.132/linux/tbb/lib/intel64/gcc4.7/] ==> [/opt/intel/compilers_and_libraries_2017.1.132/linux/tbb/lib/intel64/gcc4.7]
  collapse library dir [/opt/intel/compilers_and_libraries_2017.1.132/linux/daal/lib/intel64_lin/] ==> [/opt/intel/compilers_and_libraries_2017.1.132/linux/daal/lib/intel64_lin]
  collapse library dir [/opt/intel/compilers_and_libraries_2017.1.132/linux/daal/../tbb/lib/intel64_lin/gcc4.4/] ==> [/opt/intel/compilers_and_libraries_2017.1.132/linux/tbb/lib/intel64_lin/gcc4.4]
  collapse library dir [/usr/lib/gcc/x86_64-redhat-linux/4.8.5/../../../] ==> [/usr/lib]
  collapse library dir [/lib64] ==> [/lib64]
  collapse library dir [/lib/] ==> [/lib]
  collapse library dir [/usr/lib64] ==> [/usr/lib64]
  collapse library dir [/usr/lib] ==> [/usr/lib]
  implicit libs: [ifport;ifcoremt;imf;svml;m;ipgo;irc;pthread;svml;c;gcc;gcc_s;irc_s;dl;c]
  implicit objs: [/usr/lib64/crt1.o;/usr/lib64/crti.o;/usr/lib/gcc/x86_64-redhat-linux/4.8.5/crtbegin.o;/usr/local/apps/intel/compilers_and_libraries_2017.1.132/linux/compiler/lib/intel64_lin/for_main.o;/usr/lib/gcc/x86_64-redhat-linux/4.8.5/crtend.o;/usr/lib64/crtn.o]
  implicit dirs: [/usr/local/apps/intel/clck/2018.3/lib/intel64;/opt/intel/compilers_and_libraries_2017.1.132/linux/ipp/lib/intel64;/opt/intel/compilers_and_libraries_2017.1.132/linux/compiler/lib/intel64_lin;/opt/intel/compilers_and_libraries_2017.1.132/linux/mkl/lib/intel64_lin;/opt/intel/compilers_and_libraries_2017.1.132/linux/tbb/lib/intel64/gcc4.7;/opt/intel/compilers_and_libraries_2017.1.132/linux/daal/lib/intel64_lin;/opt/intel/compilers_and_libraries_2017.1.132/linux/tbb/lib/intel64_lin/gcc4.4;/usr/local/apps/intel/compilers_and_libraries_2017.1.132/linux/compiler/lib/intel64_lin;/usr/lib/gcc/x86_64-redhat-linux/4.8.5;/usr/lib64;/lib64;/usr/lib;/lib]
  implicit fwks: []


