The system is: Linux - 3.10.0-1160.119.1.el7.x86_64 - x86_64
Compiling the C compiler identification source file "CMakeCCompilerId.c" succeeded.
Compiler: /opt/intel/compilers_and_libraries_2017.1.132/linux/bin/intel64/icc 
Build flags: 
Id flags:  

The output was:
0


Compilation of the C compiler identification source "CMakeCCompilerId.c" produced "a.out"

The C compiler identification is Intel, found in "/gpfs_common/share03/hall2/vtnguye4/xtc/build/CMakeFiles/3.24.1/CompilerIdC/a.out"

Detecting C compiler ABI info compiled with the following output:
Change Dir: /gpfs_common/share03/hall2/vtnguye4/xtc/build/CMakeFiles/CMakeTmp

Run Build Command(s):/usr/bin/gmake -f Makefile cmTC_79b28/fast && /usr/bin/gmake  -f CMakeFiles/cmTC_79b28.dir/build.make CMakeFiles/cmTC_79b28.dir/build
gmake[1]: Entering directory `/gpfs_common/share03/hall2/vtnguye4/xtc/build/CMakeFiles/CMakeTmp'
Building C object CMakeFiles/cmTC_79b28.dir/CMakeCCompilerABI.c.o
/opt/intel/compilers_and_libraries_2017.1.132/linux/bin/intel64/icc   -v -MD -MT CMakeFiles/cmTC_79b28.dir/CMakeCCompilerABI.c.o -MF CMakeFiles/cmTC_79b28.dir/CMakeCCompilerABI.c.o.d -o CMakeFiles/cmTC_79b28.dir/CMakeCCompilerABI.c.o -c /usr/local/apps/cmake/cmake-3.24.1-linux-x86_64/share/cmake-3.24/Modules/CMakeCCompilerABI.c
icc version 17.0.1 (gcc version 4.8.5 compatibility)
/usr/local/apps/intel/compilers_and_libraries_2017.1.132/linux/bin/intel64/mcpcom    --target_efi2 --lang=c -oCMakeFiles/cmTC_79b28.dir/CMakeCCompilerABI.c.o -_g -mP3OPT_inline_alloca -D__ICC=1700 -D__INTEL_COMPILER=1700 -D__INTEL_COMPILER_UPDATE=1 -D__PTRDIFF_TYPE__=long "-D__SIZE_TYPE__=unsigned long" -D__WCHAR_TYPE__=int "-D__WINT_TYPE__=unsigned int" "-D__INTMAX_TYPE__=long int" "-D__UINTMAX_TYPE__=long unsigned int" -D__LONG_MAX__=9223372036854775807L -D__QMSPP_ -D__OPTIMIZE__ -D__NO_MATH_INLINES -D__NO_STRING_INLINES -D__GNUC_GNU_INLINE__ -D__GNUC__=4 -D__GNUC_MINOR__=8 -D__GNUC_PATCHLEVEL__=5 -D__LP64__ -D_LP64 -D__GXX_ABI_VERSION=1002 "-D__USER_LABEL_PREFIX__= " -D__REGISTER_PREFIX__= -D__INTEL_RTTI__ -D__unix__ -D__unix -D__linux__ -D__linux -D__gnu_linux__ -B -Dunix -Dlinux "-_Asystem(unix)" -D__ELF__ -D__x86_64 -D__x86_64__ -D__amd64 -D__amd64__ "-_Acpu(x86_64)" "-_Amachine(x86_64)" -D__INTEL_COMPILER_BUILD_DATE=20161005 -D__INTEL_OFFLOAD -D__i686 -D__i686__ -D__pentiumpro -D__pentiumpro__ -D__pentium4 -D__pentium4__ -D__tune_pentium4__ -D__SSE2__ -D__SSE2_MATH__ -D__SSE__ -D__SSE_MATH__ -D__MMX__ -_k -_8 -_l --has_new_stdarg_support -_a -_b --gnu_version=40805 -_W5 --gcc-extern-inline --dependency_file_name CMakeFiles/cmTC_79b28.dir/CMakeCCompilerABI.c.o.d --compile_dependencies --dependency_target_name CMakeFiles/cmTC_79b28.dir/CMakeCCompilerABI.c.o --multibyte_chars -mGLOB_diag_suppress_sys --array_section --simd --simd_func --offload_mode=1 --offload_target_names=gfx,GFX,mic,MIC --offload_unique_string=icc2037666391ZzaAn0 -mGLOB_em64t=TRUE -mP1OPT_version=17.0-intel64 -mGLOB_diag_file=CMakeFiles/cmTC_79b28.dir/CMakeCCompilerABI.c.diag -mGLOB_long_size_64 -mGLOB_routine_pointer_size_64 -mP1OPT_print_version=FALSE -mCG_use_gas_got_workaround=F -mP2OPT_align_option_used=TRUE -mGLOB_gcc_version=485 "-mGLOB_options_string=-v -MD -MT CMakeFiles/cmTC_79b28.dir/CMakeCCompilerABI.c.o -MF CMakeFiles/cmTC_79b28.dir/CMakeCCompilerABI.c.o.d -o CMakeFiles/cmTC_79b28.dir/CMakeCCompilerABI.c.o -c" -mGLOB_cxx_limited_range=FALSE -mCG_extend_parms=FALSE -mGLOB_compiler_bin_directory=/usr/local/apps/intel/compilers_and_libraries_2017.1.132/linux/bin/intel64 -mGLOB_as_output_backup_file_name=/share/eesantis/vtnguye4/tmp/iccmmy8v7as_.s -mIPOPT_activate -mIPOPT_lite -mGLOB_instruction_tuning=0x0 -mGLOB_uarch_tuning=0x0 -mGLOB_product_id_code=0x22006d91 -mCG_bnl_movbe=T -mGLOB_extended_instructions=0x8 -mP3OPT_use_mspp_call_convention -mP2OPT_subs_out_of_bound=FALSE -mP2OPT_disam_type_based_disam=2 -mP2OPT_disam_assume_ansi_c -mP2OPT_checked_disam_ansi_alias=TRUE -mGLOB_ansi_alias -mPGOPTI_value_profile_use=T -mP2OPT_il0_array_sections=TRUE -mGLOB_offload_mode=1 -mP2OPT_offload_unique_var_string=icc2037666391ZzaAn0 -mP2OPT_hlo_level=2 -mP2OPT_hlo -mP2OPT_hpo_rtt_control=0 -mIPOPT_args_in_regs=0 -mP2OPT_disam_assume_nonstd_intent_in=FALSE -mGLOB_imf_mapping_library=/usr/local/apps/intel/compilers_and_libraries_2017.1.132/linux/bin/intel64/libiml_attr.so -mPGOPTI_gen_threadsafe_level=0 -mIPOPT_lto_object_enabled -mIPOPT_lto_object_value=1 -mIPOPT_obj_output_file_name=CMakeFiles/cmTC_79b28.dir/CMakeCCompilerABI.c.o -mIPOPT_whole_archive_fixup_file_name=/share/eesantis/vtnguye4/tmp/iccwarch8sKU6X -mGLOB_linker_version=2.27 -mGLOB_driver_tempfile_name=/share/eesantis/vtnguye4/tmp/icctempfileHg0Spo -mP3OPT_asm_target=P3OPT_ASM_TARGET_GAS -mGLOB_async_unwind_tables=TRUE -mGLOB_obj_output_file=CMakeFiles/cmTC_79b28.dir/CMakeCCompilerABI.c.o -mGLOB_source_dialect=GLOB_SOURCE_DIALECT_C -mP1OPT_source_file_name=/usr/local/apps/cmake/cmake-3.24.1-linux-x86_64/share/cmake-3.24/Modules/CMakeCCompilerABI.c -mP1OPT_full_source_file_name=/usr/local/apps/cmake/cmake-3.24.1-linux-x86_64/share/cmake-3.24/Modules/CMakeCCompilerABI.c /usr/local/apps/cmake/cmake-3.24.1-linux-x86_64/share/cmake-3.24/Modules/CMakeCCompilerABI.c
#include "..." search starts here:
#include <...> search starts here:
 /opt/intel/compilers_and_libraries_2017.1.132/linux/ipp/include
 /opt/intel/compilers_and_libraries_2017.1.132/linux/mkl/include
 /opt/intel/compilers_and_libraries_2017.1.132/linux/tbb/include
 /opt/intel/compilers_and_libraries_2017.1.132/linux/daal/include
 /usr/local/apps/intel/compilers_and_libraries_2017.1.132/linux/compiler/include/intel64
 /usr/local/apps/intel/compilers_and_libraries_2017.1.132/linux/compiler/include/icc
 /usr/local/apps/intel/compilers_and_libraries_2017.1.132/linux/compiler/include
 /usr/local/include
 /usr/lib/gcc/x86_64-redhat-linux/4.8.5/include
 /usr/include/
 /usr/include
End of search list.
Linking C executable cmTC_79b28
/usr/local/apps/cmake/cmake-3.24.1-linux-x86_64/bin/cmake -E cmake_link_script CMakeFiles/cmTC_79b28.dir/link.txt --verbose=1
/opt/intel/compilers_and_libraries_2017.1.132/linux/bin/intel64/icc  -v -rdynamic CMakeFiles/cmTC_79b28.dir/CMakeCCompilerABI.c.o -o cmTC_79b28 
icc version 17.0.1 (gcc version 4.8.5 compatibility)
/usr/local/apps/intel/compilers_and_libraries_2017.1.132/linux/bin/intel64/mcpcom    -mGLOB_em64t=TRUE -mP1OPT_version=17.0-intel64 -mGLOB_diag_file=CMakeFiles/cmTC_79b28.dir/CMakeCCompilerABI.c.diag -mGLOB_long_size_64 -mGLOB_routine_pointer_size_64 -mP1OPT_print_version=FALSE -mCG_use_gas_got_workaround=F -mP2OPT_align_option_used=TRUE -mGLOB_gcc_version=485 "-mGLOB_options_string=-v -rdynamic -o cmTC_79b28" -mGLOB_cxx_limited_range=FALSE -mCG_extend_parms=FALSE -mGLOB_compiler_bin_directory=/usr/local/apps/intel/compilers_and_libraries_2017.1.132/linux/bin/intel64 -mGLOB_as_output_backup_file_name=/share/eesantis/vtnguye4/tmp/iccC2xAymas_.s -mGLOB_dashboard_use_source_name -mIPOPT_activate -mGLOB_product_id_code=0x22006d91 -mP3OPT_use_mspp_call_convention -mP2OPT_subs_out_of_bound=FALSE -mP2OPT_disam_type_based_disam=2 -mP2OPT_disam_assume_ansi_c -mP2OPT_checked_disam_ansi_alias=TRUE -mGLOB_ansi_alias -mPGOPTI_value_profile_use=T -mGLOB_opt_report_use_source_name -mP2OPT_il0_array_sections=TRUE -mGLOB_offload_mode=1 -mP2OPT_offload_unique_var_string=icc0559123748ge0wqx -mP2OPT_hlo -mP2OPT_hpo_rtt_control=0 -mIPOPT_args_in_regs=0 -mP2OPT_disam_assume_nonstd_intent_in=FALSE -mGLOB_imf_mapping_library=/usr/local/apps/intel/compilers_and_libraries_2017.1.132/linux/bin/intel64/libiml_attr.so -mPGOPTI_gen_threadsafe_level=0 -mIPOPT_link -mIPOPT_ipo_activate -mIPOPT_mo_activate -mIPOPT_source_files_list=/share/eesantis/vtnguye4/tmp/iccslis970Fo1 -mIPOPT_mo_global_data -mIPOPT_link_script_file=/share/eesantis/vtnguye4/tmp/iccscriptW3sB6s "-mIPOPT_cmdline_link="/usr/lib/gcc/x86_64-redhat-linux/4.8.5/../../../../lib64/crt1.o" "/usr/lib/gcc/x86_64-redhat-linux/4.8.5/../../../../lib64/crti.o" "/usr/lib/gcc/x86_64-redhat-linux/4.8.5/crtbegin.o" "-export-dynamic" "--eh-frame-hdr" "--build-id" "-dynamic-linker" "/lib64/ld-linux-x86-64.so.2" "-m" "elf_x86_64" "-o" "cmTC_79b28" "-L/usr/local/apps/intel/clck/2018.3/lib/intel64" "-L/opt/intel/compilers_and_libraries_2017.1.132/linux/ipp/lib/intel64" "-L/opt/intel/compilers_and_libraries_2017.1.132/linux/compiler/lib/intel64_lin" "-L/opt/intel/compilers_and_libraries_2017.1.132/linux/mkl/lib/intel64_lin" "-L/opt/intel/compilers_and_libraries_2017.1.132/linux/tbb/lib/intel64/gcc4.7" "-L/opt/intel/compilers_and_libraries_2017.1.132/linux/daal/lib/intel64_lin" "-L/opt/intel/compilers_and_libraries_2017.1.132/linux/daal/../tbb/lib/intel64_lin/gcc4.4" "-L/usr/local/apps/intel/compilers_and_libraries_2017.1.132/linux/compiler/lib/intel64_lin" "-L/usr/lib/gcc/x86_64-redhat-linux/4.8.5/" "-L/usr/lib/gcc/x86_64-redhat-linux/4.8.5/../../../../lib64" "-L/usr/lib/gcc/x86_64-redhat-linux/4.8.5/../../../../lib64/" "-L/lib/../lib64" "-L/lib/../lib64/" "-L/usr/lib/../lib64" "-L/usr/lib/../lib64/" "-L/usr/local/apps/intel/clck/2018.3/lib/intel64/" "-L/opt/intel/compilers_and_libraries_2017.1.132/linux/ipp/lib/intel64/" "-L/opt/intel/compilers_and_libraries_2017.1.132/linux/compiler/lib/intel64_lin/" "-L/opt/intel/compilers_and_libraries_2017.1.132/linux/mkl/lib/intel64_lin/" "-L/opt/intel/compilers_and_libraries_2017.1.132/linux/tbb/lib/intel64/gcc4.7/" "-L/opt/intel/compilers_and_libraries_2017.1.132/linux/daal/lib/intel64_lin/" "-L/opt/intel/compilers_and_libraries_2017.1.132/linux/daal/../tbb/lib/intel64_lin/gcc4.4/" "-L/usr/lib/gcc/x86_64-redhat-linux/4.8.5/../../../" "-L/lib64" "-L/lib/" "-L/usr/lib64" "-L/usr/lib" "CMakeFiles/cmTC_79b28.dir/CMakeCCompilerABI.c.o" "-Bdynamic" "-Bstatic" "-limf" "-lsvml" "-lirng" "-Bdynamic" "-lm" "-Bstatic" "-lipgo" "-ldecimal" "--as-needed" "-Bdynamic" "-lcilkrts" "-lstdc++" "--no-as-needed" "-lgcc" "-lgcc_s" "-Bstatic" "-lirc" "-lsvml" "-Bdynamic" "-lc" "-lgcc" "-lgcc_s" "-Bstatic" "-lirc_s" "-Bdynamic" "-ldl" "-lc" "/usr/lib/gcc/x86_64-redhat-linux/4.8.5/crtend.o" "/usr/lib/gcc/x86_64-redhat-linux/4.8.5/../../../../lib64/crtn.o"" -mIPOPT_il_in_obj -mIPOPT_ipo_activate_warn=FALSE -mIPOPT_obj_output_file_name=/share/eesantis/vtnguye4/tmp/ipo_iccL5tMal.o -mIPOPT_whole_archive_fixup_file_name=/share/eesantis/vtnguye4/tmp/iccwarchPa8BRH -mGLOB_linker_version=2.27 -mGLOB_driver_tempfile_name=/share/eesantis/vtnguye4/tmp/icctempfileGqH8E9 -mP3OPT_asm_target=P3OPT_ASM_TARGET_GAS -mGLOB_async_unwind_tables=TRUE -mGLOB_obj_output_file=/share/eesantis/vtnguye4/tmp/ipo_iccL5tMal.o -mGLOB_source_dialect=GLOB_SOURCE_DIALECT_NONE -mP1OPT_source_file_name=ipo_out.c CMakeFiles/cmTC_79b28.dir/CMakeCCompilerABI.c.o -mIPOPT_object_files=T -mIPOPT_assembly_files=/share/eesantis/vtnguye4/tmp/iccalisPBNLze -mIPOPT_generated_tempfiles=/share/eesantis/vtnguye4/tmp/iccelisqISnhG -mIPOPT_embedded_object_base_name=/share/eesantis/vtnguye4/tmp/icceobjno33Y7 -mIPOPT_cmdline_link_new_name=/share/eesantis/vtnguye4/tmp/iccllisIiSPGz
ld    /usr/lib/gcc/x86_64-redhat-linux/4.8.5/../../../../lib64/crt1.o /usr/lib/gcc/x86_64-redhat-linux/4.8.5/../../../../lib64/crti.o /usr/lib/gcc/x86_64-redhat-linux/4.8.5/crtbegin.o -export-dynamic --eh-frame-hdr --build-id -dynamic-linker /lib64/ld-linux-x86-64.so.2 -m elf_x86_64 -o cmTC_79b28 -L/usr/local/apps/intel/clck/2018.3/lib/intel64 -L/opt/intel/compilers_and_libraries_2017.1.132/linux/ipp/lib/intel64 -L/opt/intel/compilers_and_libraries_2017.1.132/linux/compiler/lib/intel64_lin -L/opt/intel/compilers_and_libraries_2017.1.132/linux/mkl/lib/intel64_lin -L/opt/intel/compilers_and_libraries_2017.1.132/linux/tbb/lib/intel64/gcc4.7 -L/opt/intel/compilers_and_libraries_2017.1.132/linux/daal/lib/intel64_lin -L/opt/intel/compilers_and_libraries_2017.1.132/linux/daal/../tbb/lib/intel64_lin/gcc4.4 -L/usr/local/apps/intel/compilers_and_libraries_2017.1.132/linux/compiler/lib/intel64_lin -L/usr/lib/gcc/x86_64-redhat-linux/4.8.5/ -L/usr/lib/gcc/x86_64-redhat-linux/4.8.5/../../../../lib64 -L/usr/lib/gcc/x86_64-redhat-linux/4.8.5/../../../../lib64/ -L/lib/../lib64 -L/lib/../lib64/ -L/usr/lib/../lib64 -L/usr/lib/../lib64/ -L/usr/local/apps/intel/clck/2018.3/lib/intel64/ -L/opt/intel/compilers_and_libraries_2017.1.132/linux/ipp/lib/intel64/ -L/opt/intel/compilers_and_libraries_2017.1.132/linux/compiler/lib/intel64_lin/ -L/opt/intel/compilers_and_libraries_2017.1.132/linux/mkl/lib/intel64_lin/ -L/opt/intel/compilers_and_libraries_2017.1.132/linux/tbb/lib/intel64/gcc4.7/ -L/opt/intel/compilers_and_libraries_2017.1.132/linux/daal/lib/intel64_lin/ -L/opt/intel/compilers_and_libraries_2017.1.132/linux/daal/../tbb/lib/intel64_lin/gcc4.4/ -L/usr/lib/gcc/x86_64-redhat-linux/4.8.5/../../../ -L/lib64 -L/lib/ -L/usr/lib64 -L/usr/lib CMakeFiles/cmTC_79b28.dir/CMakeCCompilerABI.c.o -Bdynamic -Bstatic -limf -lsvml -lirng -Bdynamic -lm -Bstatic -lipgo -ldecimal --as-needed -Bdynamic -lcilkrts -lstdc++ --no-as-needed -lgcc -lgcc_s -Bstatic -lirc -lsvml -Bdynamic -lc -lgcc -lgcc_s -Bstatic -lirc_s -Bdynamic -ldl -lc /usr/lib/gcc/x86_64-redhat-linux/4.8.5/crtend.o /usr/lib/gcc/x86_64-redhat-linux/4.8.5/../../../../lib64/crtn.o
gmake[1]: Leaving directory `/gpfs_common/share03/hall2/vtnguye4/xtc/build/CMakeFiles/CMakeTmp'



Parsed C implicit include dir info from above output: rv=done
  found start of include info
  found start of implicit include info
    add: [/opt/intel/compilers_and_libraries_2017.1.132/linux/ipp/include]
    add: [/opt/intel/compilers_and_libraries_2017.1.132/linux/mkl/include]
    add: [/opt/intel/compilers_and_libraries_2017.1.132/linux/tbb/include]
    add: [/opt/intel/compilers_and_libraries_2017.1.132/linux/daal/include]
    add: [/usr/local/apps/intel/compilers_and_libraries_2017.1.132/linux/compiler/include/intel64]
    add: [/usr/local/apps/intel/compilers_and_libraries_2017.1.132/linux/compiler/include/icc]
    add: [/usr/local/apps/intel/compilers_and_libraries_2017.1.132/linux/compiler/include]
    add: [/usr/local/include]
    add: [/usr/lib/gcc/x86_64-redhat-linux/4.8.5/include]
    add: [/usr/include/]
    add: [/usr/include]
  end of search list found
  collapse include dir [/opt/intel/compilers_and_libraries_2017.1.132/linux/ipp/include] ==> [/opt/intel/compilers_and_libraries_2017.1.132/linux/ipp/include]
  collapse include dir [/opt/intel/compilers_and_libraries_2017.1.132/linux/mkl/include] ==> [/opt/intel/compilers_and_libraries_2017.1.132/linux/mkl/include]
  collapse include dir [/opt/intel/compilers_and_libraries_2017.1.132/linux/tbb/include] ==> [/opt/intel/compilers_and_libraries_2017.1.132/linux/tbb/include]
  collapse include dir [/opt/intel/compilers_and_libraries_2017.1.132/linux/daal/include] ==> [/opt/intel/compilers_and_libraries_2017.1.132/linux/daal/include]
  collapse include dir [/usr/local/apps/intel/compilers_and_libraries_2017.1.132/linux/compiler/include/intel64] ==> [/usr/local/apps/intel/compilers_and_libraries_2017.1.132/linux/compiler/include/intel64]
  collapse include dir [/usr/local/apps/intel/compilers_and_libraries_2017.1.132/linux/compiler/include/icc] ==> [/usr/local/apps/intel/compilers_and_libraries_2017.1.132/linux/compiler/include/icc]
  collapse include dir [/usr/local/apps/intel/compilers_and_libraries_2017.1.132/linux/compiler/include] ==> [/usr/local/apps/intel/compilers_and_libraries_2017.1.132/linux/compiler/include]
  collapse include dir [/usr/local/include] ==> [/usr/local/include]
  collapse include dir [/usr/lib/gcc/x86_64-redhat-linux/4.8.5/include] ==> [/usr/lib/gcc/x86_64-redhat-linux/4.8.5/include]
  collapse include dir [/usr/include/] ==> [/usr/include]
  collapse include dir [/usr/include] ==> [/usr/include]
  implicit include dirs: [/opt/intel/compilers_and_libraries_2017.1.132/linux/ipp/include;/opt/intel/compilers_and_libraries_2017.1.132/linux/mkl/include;/opt/intel/compilers_and_libraries_2017.1.132/linux/tbb/include;/opt/intel/compilers_and_libraries_2017.1.132/linux/daal/include;/usr/local/apps/intel/compilers_and_libraries_2017.1.132/linux/compiler/include/intel64;/usr/local/apps/intel/compilers_and_libraries_2017.1.132/linux/compiler/include/icc;/usr/local/apps/intel/compilers_and_libraries_2017.1.132/linux/compiler/include;/usr/local/include;/usr/lib/gcc/x86_64-redhat-linux/4.8.5/include;/usr/include]


Parsed C implicit link information from above output:
  link line regex: [^( *|.*[/\])(ld|CMAKE_LINK_STARTFILE-NOTFOUND|([^/\]+-)?ld|collect2)[^/\]*( |$)]
  ignore line: [Change Dir: /gpfs_common/share03/hall2/vtnguye4/xtc/build/CMakeFiles/CMakeTmp]
  ignore line: []
  ignore line: [Run Build Command(s):/usr/bin/gmake -f Makefile cmTC_79b28/fast && /usr/bin/gmake  -f CMakeFiles/cmTC_79b28.dir/build.make CMakeFiles/cmTC_79b28.dir/build]
  ignore line: [gmake[1]: Entering directory `/gpfs_common/share03/hall2/vtnguye4/xtc/build/CMakeFiles/CMakeTmp']
  ignore line: [Building C object CMakeFiles/cmTC_79b28.dir/CMakeCCompilerABI.c.o]
  ignore line: [/opt/intel/compilers_and_libraries_2017.1.132/linux/bin/intel64/icc   -v -MD -MT CMakeFiles/cmTC_79b28.dir/CMakeCCompilerABI.c.o -MF CMakeFiles/cmTC_79b28.dir/CMakeCCompilerABI.c.o.d -o CMakeFiles/cmTC_79b28.dir/CMakeCCompilerABI.c.o -c /usr/local/apps/cmake/cmake-3.24.1-linux-x86_64/share/cmake-3.24/Modules/CMakeCCompilerABI.c]
  ignore line: [icc version 17.0.1 (gcc version 4.8.5 compatibility)]
  ignore line: [/usr/local/apps/intel/compilers_and_libraries_2017.1.132/linux/bin/intel64/mcpcom    --target_efi2 --lang=c -oCMakeFiles/cmTC_79b28.dir/CMakeCCompilerABI.c.o -_g -mP3OPT_inline_alloca -D__ICC=1700 -D__INTEL_COMPILER=1700 -D__INTEL_COMPILER_UPDATE=1 -D__PTRDIFF_TYPE__=long "-D__SIZE_TYPE__=unsigned long" -D__WCHAR_TYPE__=int "-D__WINT_TYPE__=unsigned int" "-D__INTMAX_TYPE__=long int" "-D__UINTMAX_TYPE__=long unsigned int" -D__LONG_MAX__=9223372036854775807L -D__QMSPP_ -D__OPTIMIZE__ -D__NO_MATH_INLINES -D__NO_STRING_INLINES -D__GNUC_GNU_INLINE__ -D__GNUC__=4 -D__GNUC_MINOR__=8 -D__GNUC_PATCHLEVEL__=5 -D__LP64__ -D_LP64 -D__GXX_ABI_VERSION=1002 "-D__USER_LABEL_PREFIX__= " -D__REGISTER_PREFIX__= -D__INTEL_RTTI__ -D__unix__ -D__unix -D__linux__ -D__linux -D__gnu_linux__ -B -Dunix -Dlinux "-_Asystem(unix)" -D__ELF__ -D__x86_64 -D__x86_64__ -D__amd64 -D__amd64__ "-_Acpu(x86_64)" "-_Amachine(x86_64)" -D__INTEL_COMPILER_BUILD_DATE=20161005 -D__INTEL_OFFLOAD -D__i686 -D__i686__ -D__pentiumpro -D__pentiumpro__ -D__pentium4 -D__pentium4__ -D__tune_pentium4__ -D__SSE2__ -D__SSE2_MATH__ -D__SSE__ -D__SSE_MATH__ -D__MMX__ -_k -_8 -_l --has_new_stdarg_support -_a -_b --gnu_version=40805 -_W5 --gcc-extern-inline --dependency_file_name CMakeFiles/cmTC_79b28.dir/CMakeCCompilerABI.c.o.d --compile_dependencies --dependency_target_name CMakeFiles/cmTC_79b28.dir/CMakeCCompilerABI.c.o --multibyte_chars -mGLOB_diag_suppress_sys --array_section --simd --simd_func --offload_mode=1 --offload_target_names=gfx GFX mic MIC --offload_unique_string=icc2037666391ZzaAn0 -mGLOB_em64t=TRUE -mP1OPT_version=17.0-intel64 -mGLOB_diag_file=CMakeFiles/cmTC_79b28.dir/CMakeCCompilerABI.c.diag -mGLOB_long_size_64 -mGLOB_routine_pointer_size_64 -mP1OPT_print_version=FALSE -mCG_use_gas_got_workaround=F -mP2OPT_align_option_used=TRUE -mGLOB_gcc_version=485 "-mGLOB_options_string=-v -MD -MT CMakeFiles/cmTC_79b28.dir/CMakeCCompilerABI.c.o -MF CMakeFiles/cmTC_79b28.dir/CMakeCCompilerABI.c.o.d -o CMakeFiles/cmTC_79b28.dir/CMakeCCompilerABI.c.o -c" -mGLOB_cxx_limited_range=FALSE -mCG_extend_parms=FALSE -mGLOB_compiler_bin_directory=/usr/local/apps/intel/compilers_and_libraries_2017.1.132/linux/bin/intel64 -mGLOB_as_output_backup_file_name=/share/eesantis/vtnguye4/tmp/iccmmy8v7as_.s -mIPOPT_activate -mIPOPT_lite -mGLOB_instruction_tuning=0x0 -mGLOB_uarch_tuning=0x0 -mGLOB_product_id_code=0x22006d91 -mCG_bnl_movbe=T -mGLOB_extended_instructions=0x8 -mP3OPT_use_mspp_call_convention -mP2OPT_subs_out_of_bound=FALSE -mP2OPT_disam_type_based_disam=2 -mP2OPT_disam_assume_ansi_c -mP2OPT_checked_disam_ansi_alias=TRUE -mGLOB_ansi_alias -mPGOPTI_value_profile_use=T -mP2OPT_il0_array_sections=TRUE -mGLOB_offload_mode=1 -mP2OPT_offload_unique_var_string=icc2037666391ZzaAn0 -mP2OPT_hlo_level=2 -mP2OPT_hlo -mP2OPT_hpo_rtt_control=0 -mIPOPT_args_in_regs=0 -mP2OPT_disam_assume_nonstd_intent_in=FALSE -mGLOB_imf_mapping_library=/usr/local/apps/intel/compilers_and_libraries_2017.1.132/linux/bin/intel64/libiml_attr.so -mPGOPTI_gen_threadsafe_level=0 -mIPOPT_lto_object_enabled -mIPOPT_lto_object_value=1 -mIPOPT_obj_output_file_name=CMakeFiles/cmTC_79b28.dir/CMakeCCompilerABI.c.o -mIPOPT_whole_archive_fixup_file_name=/share/eesantis/vtnguye4/tmp/iccwarch8sKU6X -mGLOB_linker_version=2.27 -mGLOB_driver_tempfile_name=/share/eesantis/vtnguye4/tmp/icctempfileHg0Spo -mP3OPT_asm_target=P3OPT_ASM_TARGET_GAS -mGLOB_async_unwind_tables=TRUE -mGLOB_obj_output_file=CMakeFiles/cmTC_79b28.dir/CMakeCCompilerABI.c.o -mGLOB_source_dialect=GLOB_SOURCE_DIALECT_C -mP1OPT_source_file_name=/usr/local/apps/cmake/cmake-3.24.1-linux-x86_64/share/cmake-3.24/Modules/CMakeCCompilerABI.c -mP1OPT_full_source_file_name=/usr/local/apps/cmake/cmake-3.24.1-linux-x86_64/share/cmake-3.24/Modules/CMakeCCompilerABI.c /usr/local/apps/cmake/cmake-3.24.1-linux-x86_64/share/cmake-3.24/Modules/CMakeCCompilerABI.c]
  ignore line: [#include "..." search starts here:]
  ignore line: [#include <...> search starts here:]
  ignore line: [ /opt/intel/compilers_and_libraries_2017.1.132/linux/ipp/include]
  ignore line: [ /opt/intel/compilers_and_libraries_2017.1.132/linux/mkl/include]
  ignore line: [ /opt/intel/compilers_and_libraries_2017.1.132/linux/tbb/include]
  ignore line: [ /opt/intel/compilers_and_libraries_2017.1.132/linux/daal/include]
  ignore line: [ /usr/local/apps/intel/compilers_and_libraries_2017.1.132/linux/compiler/include/intel64]
  ignore line: [ /usr/local/apps/intel/compilers_and_libraries_2017.1.132/linux/compiler/include/icc]
  ignore line: [ /usr/local/apps/intel/compilers_and_libraries_2017.1.132/linux/compiler/include]
  ignore line: [ /usr/local/include]
  ignore line: [ /usr/lib/gcc/x86_64-redhat-linux/4.8.5/include]
  ignore line: [ /usr/include/]
  ignore line: [ /usr/include]
  ignore line: [End of search list.]
  ignore line: [Linking C executable cmTC_79b28]
  ignore line: [/usr/local/apps/cmake/cmake-3.24.1-linux-x86_64/bin/cmake -E cmake_link_script CMakeFiles/cmTC_79b28.dir/link.txt --verbose=1]
  ignore line: [/opt/intel/compilers_and_libraries_2017.1.132/linux/bin/intel64/icc  -v -rdynamic CMakeFiles/cmTC_79b28.dir/CMakeCCompilerABI.c.o -o cmTC_79b28 ]
  ignore line: [icc version 17.0.1 (gcc version 4.8.5 compatibility)]
  ignore line: [/usr/local/apps/intel/compilers_and_libraries_2017.1.132/linux/bin/intel64/mcpcom    -mGLOB_em64t=TRUE -mP1OPT_version=17.0-intel64 -mGLOB_diag_file=CMakeFiles/cmTC_79b28.dir/CMakeCCompilerABI.c.diag -mGLOB_long_size_64 -mGLOB_routine_pointer_size_64 -mP1OPT_print_version=FALSE -mCG_use_gas_got_workaround=F -mP2OPT_align_option_used=TRUE -mGLOB_gcc_version=485 "-mGLOB_options_string=-v -rdynamic -o cmTC_79b28" -mGLOB_cxx_limited_range=FALSE -mCG_extend_parms=FALSE -mGLOB_compiler_bin_directory=/usr/local/apps/intel/compilers_and_libraries_2017.1.132/linux/bin/intel64 -mGLOB_as_output_backup_file_name=/share/eesantis/vtnguye4/tmp/iccC2xAymas_.s -mGLOB_dashboard_use_source_name -mIPOPT_activate -mGLOB_product_id_code=0x22006d91 -mP3OPT_use_mspp_call_convention -mP2OPT_subs_out_of_bound=FALSE -mP2OPT_disam_type_based_disam=2 -mP2OPT_disam_assume_ansi_c -mP2OPT_checked_disam_ansi_alias=TRUE -mGLOB_ansi_alias -mPGOPTI_value_profile_use=T -mGLOB_opt_report_use_source_name -mP2OPT_il0_array_sections=TRUE -mGLOB_offload_mode=1 -mP2OPT_offload_unique_var_string=icc0559123748ge0wqx -mP2OPT_hlo -mP2OPT_hpo_rtt_control=0 -mIPOPT_args_in_regs=0 -mP2OPT_disam_assume_nonstd_intent_in=FALSE -mGLOB_imf_mapping_library=/usr/local/apps/intel/compilers_and_libraries_2017.1.132/linux/bin/intel64/libiml_attr.so -mPGOPTI_gen_threadsafe_level=0 -mIPOPT_link -mIPOPT_ipo_activate -mIPOPT_mo_activate -mIPOPT_source_files_list=/share/eesantis/vtnguye4/tmp/iccslis970Fo1 -mIPOPT_mo_global_data -mIPOPT_link_script_file=/share/eesantis/vtnguye4/tmp/iccscriptW3sB6s "-mIPOPT_cmdline_link="/usr/lib/gcc/x86_64-redhat-linux/4.8.5/../../../../lib64/crt1.o" "/usr/lib/gcc/x86_64-redhat-linux/4.8.5/../../../../lib64/crti.o" "/usr/lib/gcc/x86_64-redhat-linux/4.8.5/crtbegin.o" "-export-dynamic" "--eh-frame-hdr" "--build-id" "-dynamic-linker" "/lib64/ld-linux-x86-64.so.2" "-m" "elf_x86_64" "-o" "cmTC_79b28" "-L/usr/local/apps/intel/clck/2018.3/lib/intel64" "-L/opt/intel/compilers_and_libraries_2017.1.132/linux/ipp/lib/intel64" "-L/opt/intel/compilers_and_libraries_2017.1.132/linux/compiler/lib/intel64_lin" "-L/opt/intel/compilers_and_libraries_2017.1.132/linux/mkl/lib/intel64_lin" "-L/opt/intel/compilers_and_libraries_2017.1.132/linux/tbb/lib/intel64/gcc4.7" "-L/opt/intel/compilers_and_libraries_2017.1.132/linux/daal/lib/intel64_lin" "-L/opt/intel/compilers_and_libraries_2017.1.132/linux/daal/../tbb/lib/intel64_lin/gcc4.4" "-L/usr/local/apps/intel/compilers_and_libraries_2017.1.132/linux/compiler/lib/intel64_lin" "-L/usr/lib/gcc/x86_64-redhat-linux/4.8.5/" "-L/usr/lib/gcc/x86_64-redhat-linux/4.8.5/../../../../lib64" "-L/usr/lib/gcc/x86_64-redhat-linux/4.8.5/../../../../lib64/" "-L/lib/../lib64" "-L/lib/../lib64/" "-L/usr/lib/../lib64" "-L/usr/lib/../lib64/" "-L/usr/local/apps/intel/clck/2018.3/lib/intel64/" "-L/opt/intel/compilers_and_libraries_2017.1.132/linux/ipp/lib/intel64/" "-L/opt/intel/compilers_and_libraries_2017.1.132/linux/compiler/lib/intel64_lin/" "-L/opt/intel/compilers_and_libraries_2017.1.132/linux/mkl/lib/intel64_lin/" "-L/opt/intel/compilers_and_libraries_2017.1.132/linux/tbb/lib/intel64/gcc4.7/" "-L/opt/intel/compilers_and_libraries_2017.1.132/linux/daal/lib/intel64_lin/" "-L/opt/intel/compilers_and_libraries_2017.1.132/linux/daal/../tbb/lib/intel64_lin/gcc4.4/" "-L/usr/lib/gcc/x86_64-redhat-linux/4.8.5/../../../" "-L/lib64" "-L/lib/" "-L/usr/lib64" "-L/usr/lib" "CMakeFiles/cmTC_79b28.dir/CMakeCCompilerABI.c.o" "-Bdynamic" "-Bstatic" "-limf" "-lsvml" "-lirng" "-Bdynamic" "-lm" "-Bstatic" "-lipgo" "-ldecimal" "--as-needed" "-Bdynamic" "-lcilkrts" "-lstdc++" "--no-as-needed" "-lgcc" "-lgcc_s" "-Bstatic" "-lirc" "-lsvml" "-Bdynamic" "-lc" "-lgcc" "-lgcc_s" "-Bstatic" "-lirc_s" "-Bdynamic" "-ldl" "-lc" "/usr/lib/gcc/x86_64-redhat-linux/4.8.5/crtend.o" "/usr/lib/gcc/x86_64-redhat-linux/4.8.5/../../../../lib64/crtn.o"" -mIPOPT_il_in_obj -mIPOPT_ipo_activate_warn=FALSE -mIPOPT_obj_output_file_name=/share/eesantis/vtnguye4/tmp/ipo_iccL5tMal.o -mIPOPT_whole_archive_fixup_file_name=/share/eesantis/vtnguye4/tmp/iccwarchPa8BRH -mGLOB_linker_version=2.27 -mGLOB_driver_tempfile_name=/share/eesantis/vtnguye4/tmp/icctempfileGqH8E9 -mP3OPT_asm_target=P3OPT_ASM_TARGET_GAS -mGLOB_async_unwind_tables=TRUE -mGLOB_obj_output_file=/share/eesantis/vtnguye4/tmp/ipo_iccL5tMal.o -mGLOB_source_dialect=GLOB_SOURCE_DIALECT_NONE -mP1OPT_source_file_name=ipo_out.c CMakeFiles/cmTC_79b28.dir/CMakeCCompilerABI.c.o -mIPOPT_object_files=T -mIPOPT_assembly_files=/share/eesantis/vtnguye4/tmp/iccalisPBNLze -mIPOPT_generated_tempfiles=/share/eesantis/vtnguye4/tmp/iccelisqISnhG -mIPOPT_embedded_object_base_name=/share/eesantis/vtnguye4/tmp/icceobjno33Y7 -mIPOPT_cmdline_link_new_name=/share/eesantis/vtnguye4/tmp/iccllisIiSPGz]
  link line: [ld    /usr/lib/gcc/x86_64-redhat-linux/4.8.5/../../../../lib64/crt1.o /usr/lib/gcc/x86_64-redhat-linux/4.8.5/../../../../lib64/crti.o /usr/lib/gcc/x86_64-redhat-linux/4.8.5/crtbegin.o -export-dynamic --eh-frame-hdr --build-id -dynamic-linker /lib64/ld-linux-x86-64.so.2 -m elf_x86_64 -o cmTC_79b28 -L/usr/local/apps/intel/clck/2018.3/lib/intel64 -L/opt/intel/compilers_and_libraries_2017.1.132/linux/ipp/lib/intel64 -L/opt/intel/compilers_and_libraries_2017.1.132/linux/compiler/lib/intel64_lin -L/opt/intel/compilers_and_libraries_2017.1.132/linux/mkl/lib/intel64_lin -L/opt/intel/compilers_and_libraries_2017.1.132/linux/tbb/lib/intel64/gcc4.7 -L/opt/intel/compilers_and_libraries_2017.1.132/linux/daal/lib/intel64_lin -L/opt/intel/compilers_and_libraries_2017.1.132/linux/daal/../tbb/lib/intel64_lin/gcc4.4 -L/usr/local/apps/intel/compilers_and_libraries_2017.1.132/linux/compiler/lib/intel64_lin -L/usr/lib/gcc/x86_64-redhat-linux/4.8.5/ -L/usr/lib/gcc/x86_64-redhat-linux/4.8.5/../../../../lib64 -L/usr/lib/gcc/x86_64-redhat-linux/4.8.5/../../../../lib64/ -L/lib/../lib64 -L/lib/../lib64/ -L/usr/lib/../lib64 -L/usr/lib/../lib64/ -L/usr/local/apps/intel/clck/2018.3/lib/intel64/ -L/opt/intel/compilers_and_libraries_2017.1.132/linux/ipp/lib/intel64/ -L/opt/intel/compilers_and_libraries_2017.1.132/linux/compiler/lib/intel64_lin/ -L/opt/intel/compilers_and_libraries_2017.1.132/linux/mkl/lib/intel64_lin/ -L/opt/intel/compilers_and_libraries_2017.1.132/linux/tbb/lib/intel64/gcc4.7/ -L/opt/intel/compilers_and_libraries_2017.1.132/linux/daal/lib/intel64_lin/ -L/opt/intel/compilers_and_libraries_2017.1.132/linux/daal/../tbb/lib/intel64_lin/gcc4.4/ -L/usr/lib/gcc/x86_64-redhat-linux/4.8.5/../../../ -L/lib64 -L/lib/ -L/usr/lib64 -L/usr/lib CMakeFiles/cmTC_79b28.dir/CMakeCCompilerABI.c.o -Bdynamic -Bstatic -limf -lsvml -lirng -Bdynamic -lm -Bstatic -lipgo -ldecimal --as-needed -Bdynamic -lcilkrts -lstdc++ --no-as-needed -lgcc -lgcc_s -Bstatic -lirc -lsvml -Bdynamic -lc -lgcc -lgcc_s -Bstatic -lirc_s -Bdynamic -ldl -lc /usr/lib/gcc/x86_64-redhat-linux/4.8.5/crtend.o /usr/lib/gcc/x86_64-redhat-linux/4.8.5/../../../../lib64/crtn.o]
    arg [ld] ==> ignore
    arg [/usr/lib/gcc/x86_64-redhat-linux/4.8.5/../../../../lib64/crt1.o] ==> obj [/usr/lib/gcc/x86_64-redhat-linux/4.8.5/../../../../lib64/crt1.o]
    arg [/usr/lib/gcc/x86_64-redhat-linux/4.8.5/../../../../lib64/crti.o] ==> obj [/usr/lib/gcc/x86_64-redhat-linux/4.8.5/../../../../lib64/crti.o]
    arg [/usr/lib/gcc/x86_64-redhat-linux/4.8.5/crtbegin.o] ==> obj [/usr/lib/gcc/x86_64-redhat-linux/4.8.5/crtbegin.o]
    arg [-export-dynamic] ==> ignore
    arg [--eh-frame-hdr] ==> ignore
    arg [--build-id] ==> ignore
    arg [-dynamic-linker] ==> ignore
    arg [/lib64/ld-linux-x86-64.so.2] ==> ignore
    arg [-m] ==> ignore
    arg [elf_x86_64] ==> ignore
    arg [-o] ==> ignore
    arg [cmTC_79b28] ==> ignore
    arg [-L/usr/local/apps/intel/clck/2018.3/lib/intel64] ==> dir [/usr/local/apps/intel/clck/2018.3/lib/intel64]
    arg [-L/opt/intel/compilers_and_libraries_2017.1.132/linux/ipp/lib/intel64] ==> dir [/opt/intel/compilers_and_libraries_2017.1.132/linux/ipp/lib/intel64]
    arg [-L/opt/intel/compilers_and_libraries_2017.1.132/linux/compiler/lib/intel64_lin] ==> dir [/opt/intel/compilers_and_libraries_2017.1.132/linux/compiler/lib/intel64_lin]
    arg [-L/opt/intel/compilers_and_libraries_2017.1.132/linux/mkl/lib/intel64_lin] ==> dir [/opt/intel/compilers_and_libraries_2017.1.132/linux/mkl/lib/intel64_lin]
    arg [-L/opt/intel/compilers_and_libraries_2017.1.132/linux/tbb/lib/intel64/gcc4.7] ==> dir [/opt/intel/compilers_and_libraries_2017.1.132/linux/tbb/lib/intel64/gcc4.7]
    arg [-L/opt/intel/compilers_and_libraries_2017.1.132/linux/daal/lib/intel64_lin] ==> dir [/opt/intel/compilers_and_libraries_2017.1.132/linux/daal/lib/intel64_lin]
    arg [-L/opt/intel/compilers_and_libraries_2017.1.132/linux/daal/../tbb/lib/intel64_lin/gcc4.4] ==> dir [/opt/intel/compilers_and_libraries_2017.1.132/linux/daal/../tbb/lib/intel64_lin/gcc4.4]
    arg [-L/usr/local/apps/intel/compilers_and_libraries_2017.1.132/linux/compiler/lib/intel64_lin] ==> dir [/usr/local/apps/intel/compilers_and_libraries_2017.1.132/linux/compiler/lib/intel64_lin]
    arg [-L/usr/lib/gcc/x86_64-redhat-linux/4.8.5/] ==> dir [/usr/lib/gcc/x86_64-redhat-linux/4.8.5/]
    arg [-L/usr/lib/gcc/x86_64-redhat-linux/4.8.5/../../../../lib64] ==> dir [/usr/lib/gcc/x86_64-redhat-linux/4.8.5/../../../../lib64]
    arg [-L/usr/lib/gcc/x86_64-redhat-linux/4.8.5/../../../../lib64/] ==> dir [/usr/lib/gcc/x86_64-redhat-linux/4.8.5/../../../../lib64/]
    arg [-L/lib/../lib64] ==> dir [/lib/../lib64]
    arg [-L/lib/../lib64/] ==> dir [/lib/../lib64/]
    arg [-L/usr/lib/../lib64] ==> dir [/usr/lib/../lib64]
    arg [-L/usr/lib/../lib64/] ==> dir [/usr/lib/../lib64/]
    arg [-L/usr/local/apps/intel/clck/2018.3/lib/intel64/] ==> dir [/usr/local/apps/intel/clck/2018.3/lib/intel64/]
    arg [-L/opt/intel/compilers_and_libraries_2017.1.132/linux/ipp/lib/intel64/] ==> dir [/opt/intel/compilers_and_libraries_2017.1.132/linux/ipp/lib/intel64/]
    arg [-L/opt/intel/compilers_and_libraries_2017.1.132/linux/compiler/lib/intel64_lin/] ==> dir [/opt/intel/compilers_and_libraries_2017.1.132/linux/compiler/lib/intel64_lin/]
    arg [-L/opt/intel/compilers_and_libraries_2017.1.132/linux/mkl/lib/intel64_lin/] ==> dir [/opt/intel/compilers_and_libraries_2017.1.132/linux/mkl/lib/intel64_lin/]
    arg [-L/opt/intel/compilers_and_libraries_2017.1.132/linux/tbb/lib/intel64/gcc4.7/] ==> dir [/opt/intel/compilers_and_libraries_2017.1.132/linux/tbb/lib/intel64/gcc4.7/]
    arg [-L/opt/intel/compilers_and_libraries_2017.1.132/linux/daal/lib/intel64_lin/] ==> dir [/opt/intel/compilers_and_libraries_2017.1.132/linux/daal/lib/intel64_lin/]
    arg [-L/opt/intel/compilers_and_libraries_2017.1.132/linux/daal/../tbb/lib/intel64_lin/gcc4.4/] ==> dir [/opt/intel/compilers_and_libraries_2017.1.132/linux/daal/../tbb/lib/intel64_lin/gcc4.4/]
    arg [-L/usr/lib/gcc/x86_64-redhat-linux/4.8.5/../../../] ==> dir [/usr/lib/gcc/x86_64-redhat-linux/4.8.5/../../../]
    arg [-L/lib64] ==> dir [/lib64]
    arg [-L/lib/] ==> dir [/lib/]
    arg [-L/usr/lib64] ==> dir [/usr/lib64]
    arg [-L/usr/lib] ==> dir [/usr/lib]
    arg [CMakeFiles/cmTC_79b28.dir/CMakeCCompilerABI.c.o] ==> ignore
    arg [-Bdynamic] ==> search dynamic
    arg [-Bstatic] ==> search static
    arg [-limf] ==> lib [imf]
    arg [-lsvml] ==> lib [svml]
    arg [-lirng] ==> lib [irng]
    arg [-Bdynamic] ==> search dynamic
    arg [-lm] ==> lib [m]
    arg [-Bstatic] ==> search static
    arg [-lipgo] ==> lib [ipgo]
    arg [-ldecimal] ==> lib [decimal]
    arg [--as-needed] ==> ignore
    arg [-Bdynamic] ==> search dynamic
    arg [-lcilkrts] ==> lib [cilkrts]
    arg [-lstdc++] ==> lib [stdc++]
    arg [--no-as-needed] ==> ignore
    arg [-lgcc] ==> lib [gcc]
    arg [-lgcc_s] ==> lib [gcc_s]
    arg [-Bstatic] ==> search static
    arg [-lirc] ==> lib [irc]
    arg [-lsvml] ==> lib [svml]
    arg [-Bdynamic] ==> search dynamic
    arg [-lc] ==> lib [c]
    arg [-lgcc] ==> lib [gcc]
    arg [-lgcc_s] ==> lib [gcc_s]
    arg [-Bstatic] ==> search static
    arg [-lirc_s] ==> lib [irc_s]
    arg [-Bdynamic] ==> search dynamic
    arg [-ldl] ==> lib [dl]
    arg [-lc] ==> lib [c]
    arg [/usr/lib/gcc/x86_64-redhat-linux/4.8.5/crtend.o] ==> obj [/usr/lib/gcc/x86_64-redhat-linux/4.8.5/crtend.o]
    arg [/usr/lib/gcc/x86_64-redhat-linux/4.8.5/../../../../lib64/crtn.o] ==> obj [/usr/lib/gcc/x86_64-redhat-linux/4.8.5/../../../../lib64/crtn.o]
  collapse obj [/usr/lib/gcc/x86_64-redhat-linux/4.8.5/../../../../lib64/crt1.o] ==> [/usr/lib64/crt1.o]
  collapse obj [/usr/lib/gcc/x86_64-redhat-linux/4.8.5/../../../../lib64/crti.o] ==> [/usr/lib64/crti.o]
  collapse obj [/usr/lib/gcc/x86_64-redhat-linux/4.8.5/../../../../lib64/crtn.o] ==> [/usr/lib64/crtn.o]
  collapse library dir [/usr/local/apps/intel/clck/2018.3/lib/intel64] ==> [/usr/local/apps/intel/clck/2018.3/lib/intel64]
  collapse library dir [/opt/intel/compilers_and_libraries_2017.1.132/linux/ipp/lib/intel64] ==> [/opt/intel/compilers_and_libraries_2017.1.132/linux/ipp/lib/intel64]
  collapse library dir [/opt/intel/compilers_and_libraries_2017.1.132/linux/compiler/lib/intel64_lin] ==> [/opt/intel/compilers_and_libraries_2017.1.132/linux/compiler/lib/intel64_lin]
  collapse library dir [/opt/intel/compilers_and_libraries_2017.1.132/linux/mkl/lib/intel64_lin] ==> [/opt/intel/compilers_and_libraries_2017.1.132/linux/mkl/lib/intel64_lin]
  collapse library dir [/opt/intel/compilers_and_libraries_2017.1.132/linux/tbb/lib/intel64/gcc4.7] ==> [/opt/intel/compilers_and_libraries_2017.1.132/linux/tbb/lib/intel64/gcc4.7]
  collapse library dir [/opt/intel/compilers_and_libraries_2017.1.132/linux/daal/lib/intel64_lin] ==> [/opt/intel/compilers_and_libraries_2017.1.132/linux/daal/lib/intel64_lin]
  collapse library dir [/opt/intel/compilers_and_libraries_2017.1.132/linux/daal/../tbb/lib/intel64_lin/gcc4.4] ==> [/opt/intel/compilers_and_libraries_2017.1.132/linux/tbb/lib/intel64_lin/gcc4.4]
  collapse library dir [/usr/local/apps/intel/compilers_and_libraries_2017.1.132/linux/compiler/lib/intel64_lin] ==> [/usr/local/apps/intel/compilers_and_libraries_2017.1.132/linux/compiler/lib/intel64_lin]
  collapse library dir [/usr/lib/gcc/x86_64-redhat-linux/4.8.5/] ==> [/usr/lib/gcc/x86_64-redhat-linux/4.8.5]
  collapse library dir [/usr/lib/gcc/x86_64-redhat-linux/4.8.5/../../../../lib64] ==> [/usr/lib64]
  collapse library dir [/usr/lib/gcc/x86_64-redhat-linux/4.8.5/../../../../lib64/] ==> [/usr/lib64]
  collapse library dir [/lib/../lib64] ==> [/lib64]
  collapse library dir [/lib/../lib64/] ==> [/lib64]
  collapse library dir [/usr/lib/../lib64] ==> [/usr/lib64]
  collapse library dir [/usr/lib/../lib64/] ==> [/usr/lib64]
  collapse library dir [/usr/local/apps/intel/clck/2018.3/lib/intel64/] ==> [/usr/local/apps/intel/clck/2018.3/lib/intel64]
  collapse library dir [/opt/intel/compilers_and_libraries_2017.1.132/linux/ipp/lib/intel64/] ==> [/opt/intel/compilers_and_libraries_2017.1.132/linux/ipp/lib/intel64]
  collapse library dir [/opt/intel/compilers_and_libraries_2017.1.132/linux/compiler/lib/intel64_lin/] ==> [/opt/intel/compilers_and_libraries_2017.1.132/linux/compiler/lib/intel64_lin]
  collapse library dir [/opt/intel/compilers_and_libraries_2017.1.132/linux/mkl/lib/intel64_lin/] ==> [/opt/intel/compilers_and_libraries_2017.1.132/linux/mkl/lib/intel64_lin]
  collapse library dir [/opt/intel/compilers_and_libraries_2017.1.132/linux/tbb/lib/intel64/gcc4.7/] ==> [/opt/intel/compilers_and_libraries_2017.1.132/linux/tbb/lib/intel64/gcc4.7]
  collapse library dir [/opt/intel/compilers_and_libraries_2017.1.132/linux/daal/lib/intel64_lin/] ==> [/opt/intel/compilers_and_libraries_2017.1.132/linux/daal/lib/intel64_lin]
  collapse library dir [/opt/intel/compilers_and_libraries_2017.1.132/linux/daal/../tbb/lib/intel64_lin/gcc4.4/] ==> [/opt/intel/compilers_and_libraries_2017.1.132/linux/tbb/lib/intel64_lin/gcc4.4]
  collapse library dir [/usr/lib/gcc/x86_64-redhat-linux/4.8.5/../../../] ==> [/usr/lib]
  collapse library dir [/lib64] ==> [/lib64]
  collapse library dir [/lib/] ==> [/lib]
  collapse library dir [/usr/lib64] ==> [/usr/lib64]
  collapse library dir [/usr/lib] ==> [/usr/lib]
  implicit libs: [imf;svml;irng;m;ipgo;decimal;cilkrts;stdc++;gcc;gcc_s;irc;svml;c;gcc;gcc_s;irc_s;dl;c]
  implicit objs: [/usr/lib64/crt1.o;/usr/lib64/crti.o;/usr/lib/gcc/x86_64-redhat-linux/4.8.5/crtbegin.o;/usr/lib/gcc/x86_64-redhat-linux/4.8.5/crtend.o;/usr/lib64/crtn.o]
  implicit dirs: [/usr/local/apps/intel/clck/2018.3/lib/intel64;/opt/intel/compilers_and_libraries_2017.1.132/linux/ipp/lib/intel64;/opt/intel/compilers_and_libraries_2017.1.132/linux/compiler/lib/intel64_lin;/opt/intel/compilers_and_libraries_2017.1.132/linux/mkl/lib/intel64_lin;/opt/intel/compilers_and_libraries_2017.1.132/linux/tbb/lib/intel64/gcc4.7;/opt/intel/compilers_and_libraries_2017.1.132/linux/daal/lib/intel64_lin;/opt/intel/compilers_and_libraries_2017.1.132/linux/tbb/lib/intel64_lin/gcc4.4;/usr/local/apps/intel/compilers_and_libraries_2017.1.132/linux/compiler/lib/intel64_lin;/usr/lib/gcc/x86_64-redhat-linux/4.8.5;/usr/lib64;/lib64;/usr/lib;/lib]
  implicit fwks: []


